[debug] [2026-02-10T16:06:07.687Z] ----------------------------------------------------------------------
[debug] [2026-02-10T16:06:07.689Z] Command:       /opt/homebrew/Cellar/node/24.10.0/bin/node /opt/homebrew/bin/firebase deploy --only functions:notifyNewDocument
[debug] [2026-02-10T16:06:07.689Z] CLI Version:   15.5.1
[debug] [2026-02-10T16:06:07.689Z] Platform:      darwin
[debug] [2026-02-10T16:06:07.689Z] Node Version:  v24.10.0
[debug] [2026-02-10T16:06:07.689Z] Time:          Tue Feb 10 2026 17:06:07 GMT+0100 (Central European Standard Time)
[debug] [2026-02-10T16:06:07.689Z] ----------------------------------------------------------------------
[debug] 
[debug] [2026-02-10T16:06:08.431Z] > command requires scopes: ["email","openid","https://www.googleapis.com/auth/cloudplatformprojects.readonly","https://www.googleapis.com/auth/firebase","https://www.googleapis.com/auth/cloud-platform"]
[debug] [2026-02-10T16:06:08.431Z] > authorizing via signed-in user (ing.vittorioscocca@gmail.com)
[debug] [2026-02-10T16:06:08.431Z] [iam] checking project kidbox-42cd7 for permissions ["cloudfunctions.functions.create","cloudfunctions.functions.delete","cloudfunctions.functions.get","cloudfunctions.functions.list","cloudfunctions.functions.update","cloudfunctions.operations.get","firebase.projects.get"]
[debug] [2026-02-10T16:06:08.432Z] Checked if tokens are valid: true, expires at: 1770742695396
[debug] [2026-02-10T16:06:08.432Z] Checked if tokens are valid: true, expires at: 1770742695396
[debug] [2026-02-10T16:06:08.432Z] >>> [apiv2][query] POST https://cloudresourcemanager.googleapis.com/v1/projects/kidbox-42cd7:testIamPermissions [none]
[debug] [2026-02-10T16:06:08.432Z] >>> [apiv2][(partial)header] POST https://cloudresourcemanager.googleapis.com/v1/projects/kidbox-42cd7:testIamPermissions  x-goog-user-project=kidbox-42cd7
[debug] [2026-02-10T16:06:08.432Z] >>> [apiv2][body] POST https://cloudresourcemanager.googleapis.com/v1/projects/kidbox-42cd7:testIamPermissions {"permissions":["cloudfunctions.functions.create","cloudfunctions.functions.delete","cloudfunctions.functions.get","cloudfunctions.functions.list","cloudfunctions.functions.update","cloudfunctions.operations.get","firebase.projects.get"]}
[debug] [2026-02-10T16:06:11.391Z] <<< [apiv2][status] POST https://cloudresourcemanager.googleapis.com/v1/projects/kidbox-42cd7:testIamPermissions 200
[debug] [2026-02-10T16:06:11.391Z] <<< [apiv2][body] POST https://cloudresourcemanager.googleapis.com/v1/projects/kidbox-42cd7:testIamPermissions {"permissions":["cloudfunctions.functions.create","cloudfunctions.functions.delete","cloudfunctions.functions.get","cloudfunctions.functions.list","cloudfunctions.functions.update","cloudfunctions.operations.get","firebase.projects.get"]}
[debug] [2026-02-10T16:06:11.391Z] Checked if tokens are valid: true, expires at: 1770742695396
[debug] [2026-02-10T16:06:11.392Z] Checked if tokens are valid: true, expires at: 1770742695396
[debug] [2026-02-10T16:06:11.392Z] >>> [apiv2][query] POST https://iam.googleapis.com/v1/projects/kidbox-42cd7/serviceAccounts/kidbox-42cd7@appspot.gserviceaccount.com:testIamPermissions [none]
[debug] [2026-02-10T16:06:11.392Z] >>> [apiv2][body] POST https://iam.googleapis.com/v1/projects/kidbox-42cd7/serviceAccounts/kidbox-42cd7@appspot.gserviceaccount.com:testIamPermissions {"permissions":["iam.serviceAccounts.actAs"]}
[debug] [2026-02-10T16:06:13.302Z] <<< [apiv2][status] POST https://iam.googleapis.com/v1/projects/kidbox-42cd7/serviceAccounts/kidbox-42cd7@appspot.gserviceaccount.com:testIamPermissions 200
[debug] [2026-02-10T16:06:13.302Z] <<< [apiv2][body] POST https://iam.googleapis.com/v1/projects/kidbox-42cd7/serviceAccounts/kidbox-42cd7@appspot.gserviceaccount.com:testIamPermissions {"permissions":["iam.serviceAccounts.actAs"]}
[info] 
[info] === Deploying to 'kidbox-42cd7'...
[info] 
[info] i  deploying functions 
[info] Running command: npm --prefix "$RESOURCE_DIR" run lint
[info] ✔  functions: Finished running predeploy script. 
[debug] [2026-02-10T16:06:13.822Z] Checked if tokens are valid: true, expires at: 1770742695396
[debug] [2026-02-10T16:06:13.822Z] Checked if tokens are valid: true, expires at: 1770742695396
[debug] [2026-02-10T16:06:13.822Z] >>> [apiv2][query] GET https://cloudresourcemanager.googleapis.com/v1/projects/kidbox-42cd7 [none]
[debug] [2026-02-10T16:06:14.034Z] <<< [apiv2][status] GET https://cloudresourcemanager.googleapis.com/v1/projects/kidbox-42cd7 200
[debug] [2026-02-10T16:06:14.035Z] <<< [apiv2][body] GET https://cloudresourcemanager.googleapis.com/v1/projects/kidbox-42cd7 {"projectNumber":"52613538008","projectId":"kidbox-42cd7","lifecycleState":"ACTIVE","name":"KidBox","labels":{"firebase":"enabled","firebase-core":"disabled"},"createTime":"2026-02-04T18:51:29.156605Z","parent":{"type":"organization","id":"219782898136"}}
[info] i  functions: preparing codebase default for deployment 
[info] i  functions: ensuring required API cloudfunctions.googleapis.com is enabled... 
[info] i  functions: ensuring required API cloudbuild.googleapis.com is enabled... 
[info] i  artifactregistry: ensuring required API artifactregistry.googleapis.com is enabled... 
[debug] [2026-02-10T16:06:14.038Z] Checked if tokens are valid: true, expires at: 1770742695396
[debug] [2026-02-10T16:06:14.038Z] Checked if tokens are valid: true, expires at: 1770742695396
[debug] [2026-02-10T16:06:14.038Z] >>> [apiv2][query] GET https://firebase.googleapis.com/v1beta1/projects/kidbox-42cd7/adminSdkConfig [none]
[debug] [2026-02-10T16:06:15.618Z] <<< [apiv2][status] GET https://firebase.googleapis.com/v1beta1/projects/kidbox-42cd7/adminSdkConfig 200
[debug] [2026-02-10T16:06:15.618Z] <<< [apiv2][body] GET https://firebase.googleapis.com/v1beta1/projects/kidbox-42cd7/adminSdkConfig {"projectId":"kidbox-42cd7","storageBucket":"kidbox-42cd7.firebasestorage.app"}
[debug] [2026-02-10T16:06:15.620Z] Validating nodejs source
[debug] [2026-02-10T16:06:16.061Z] > [functions] package.json contents: {
  "name": "functions",
  "description": "Cloud Functions for Firebase",
  "scripts": {
    "lint": "eslint .",
    "serve": "firebase emulators:start --only functions",
    "shell": "firebase functions:shell",
    "start": "npm run shell",
    "deploy": "firebase deploy --only functions",
    "logs": "firebase functions:log"
  },
  "engines": {
    "node": "24"
  },
  "main": "index.js",
  "dependencies": {
    "firebase-admin": "^13.6.0",
    "firebase-functions": "^7.0.0"
  },
  "devDependencies": {
    "eslint": "^8.15.0",
    "eslint-config-google": "^0.14.0",
    "firebase-functions-test": "^3.4.1"
  },
  "private": true
}
[debug] [2026-02-10T16:06:16.061Z] Building nodejs source
[info] i  functions: Loading and analyzing source code for codebase default to determine what to deploy 
[debug] [2026-02-10T16:06:16.061Z] Could not find functions.yaml. Must use http discovery
[debug] [2026-02-10T16:06:16.068Z] Found firebase-functions binary at '/Users/vscocca/KidBox/functions/node_modules/.bin/firebase-functions'
[info] Serving at port 8962

[debug] [2026-02-10T16:06:16.417Z] Got response from /__/functions.yaml {"endpoints":{"notifyNewDocument":{"availableMemoryMb":null,"timeoutSeconds":null,"minInstances":null,"maxInstances":null,"ingressSettings":null,"concurrency":null,"serviceAccountEmail":null,"vpc":null,"platform":"gcfv2","region":["europe-west1"],"labels":{},"eventTrigger":{"eventType":"google.cloud.firestore.document.v1.created","eventFilters":{"database":"(default)","namespace":"(default)"},"eventFilterPathPatterns":{"document":"families/{familyId}/documents/{docId}"},"retry":false},"entryPoint":"notifyNewDocument"}},"specVersion":"v1alpha1","requiredAPIs":[],"extensions":{}}
[info] i  extensions: ensuring required API firebaseextensions.googleapis.com is enabled... 
[debug] [2026-02-10T16:06:20.433Z] > command requires scopes: ["email","openid","https://www.googleapis.com/auth/cloudplatformprojects.readonly","https://www.googleapis.com/auth/firebase","https://www.googleapis.com/auth/cloud-platform"]
[debug] [2026-02-10T16:06:20.434Z] > authorizing via signed-in user (ing.vittorioscocca@gmail.com)
[debug] [2026-02-10T16:06:20.434Z] [iam] checking project kidbox-42cd7 for permissions ["firebase.projects.get","firebaseextensions.instances.list"]
[debug] [2026-02-10T16:06:20.434Z] Checked if tokens are valid: true, expires at: 1770742695396
[debug] [2026-02-10T16:06:20.434Z] Checked if tokens are valid: true, expires at: 1770742695396
[debug] [2026-02-10T16:06:20.434Z] >>> [apiv2][query] POST https://cloudresourcemanager.googleapis.com/v1/projects/kidbox-42cd7:testIamPermissions [none]
[debug] [2026-02-10T16:06:20.434Z] >>> [apiv2][(partial)header] POST https://cloudresourcemanager.googleapis.com/v1/projects/kidbox-42cd7:testIamPermissions  x-goog-user-project=kidbox-42cd7
[debug] [2026-02-10T16:06:20.434Z] >>> [apiv2][body] POST https://cloudresourcemanager.googleapis.com/v1/projects/kidbox-42cd7:testIamPermissions {"permissions":["firebase.projects.get","firebaseextensions.instances.list"]}
[debug] [2026-02-10T16:06:21.354Z] <<< [apiv2][status] POST https://cloudresourcemanager.googleapis.com/v1/projects/kidbox-42cd7:testIamPermissions 200
[debug] [2026-02-10T16:06:21.354Z] <<< [apiv2][body] POST https://cloudresourcemanager.googleapis.com/v1/projects/kidbox-42cd7:testIamPermissions {"permissions":["firebase.projects.get","firebaseextensions.instances.list"]}
[debug] [2026-02-10T16:06:21.355Z] Checked if tokens are valid: true, expires at: 1770742695396
[debug] [2026-02-10T16:06:21.355Z] Checked if tokens are valid: true, expires at: 1770742695396
[debug] [2026-02-10T16:06:21.356Z] >>> [apiv2][query] GET https://firebaseextensions.googleapis.com/v1beta/projects/kidbox-42cd7/instances pageSize=100&pageToken=
[debug] [2026-02-10T16:06:24.644Z] <<< [apiv2][status] GET https://firebaseextensions.googleapis.com/v1beta/projects/kidbox-42cd7/instances 200
[debug] [2026-02-10T16:06:24.644Z] <<< [apiv2][body] GET https://firebaseextensions.googleapis.com/v1beta/projects/kidbox-42cd7/instances {}
[info] i  functions: preparing functions directory for uploading... 
[info] i  functions: packaged /Users/vscocca/KidBox/functions (76.93 KB) for uploading 
[debug] [2026-02-10T16:06:24.665Z] Checked if tokens are valid: true, expires at: 1770742695396
[debug] [2026-02-10T16:06:24.665Z] Checked if tokens are valid: true, expires at: 1770742695396
[debug] [2026-02-10T16:06:24.665Z] >>> [apiv2][query] GET https://cloudfunctions.googleapis.com/v1/projects/kidbox-42cd7/locations/-/functions [none]
[debug] [2026-02-10T16:06:26.740Z] <<< [apiv2][status] GET https://cloudfunctions.googleapis.com/v1/projects/kidbox-42cd7/locations/-/functions 200
[debug] [2026-02-10T16:06:26.740Z] <<< [apiv2][body] GET https://cloudfunctions.googleapis.com/v1/projects/kidbox-42cd7/locations/-/functions {}
[debug] [2026-02-10T16:06:26.741Z] Checked if tokens are valid: true, expires at: 1770742695396
[debug] [2026-02-10T16:06:26.741Z] Checked if tokens are valid: true, expires at: 1770742695396
[debug] [2026-02-10T16:06:26.741Z] >>> [apiv2][query] GET https://cloudfunctions.googleapis.com/v2/projects/kidbox-42cd7/locations/-/functions filter=environment%3D%22GEN_2%22
[debug] [2026-02-10T16:06:28.325Z] <<< [apiv2][status] GET https://cloudfunctions.googleapis.com/v2/projects/kidbox-42cd7/locations/-/functions 200
[debug] [2026-02-10T16:06:28.325Z] <<< [apiv2][body] GET https://cloudfunctions.googleapis.com/v2/projects/kidbox-42cd7/locations/-/functions {"functions":[{"name":"projects/kidbox-42cd7/locations/europe-west1/functions/notifyNewDocument","buildConfig":{"build":"projects/52613538008/locations/europe-west1/builds/2368e981-5812-412e-aaac-b0c86c84e67f","runtime":"nodejs24","entryPoint":"notifyNewDocument","source":{"storageSource":{"bucket":"gcf-v2-sources-52613538008-europe-west1","object":"notifyNewDocument/function-source.zip","generation":"1770725313436757"}},"environmentVariables":{"GOOGLE_NODE_RUN_SCRIPTS":""},"dockerRepository":"projects/kidbox-42cd7/locations/europe-west1/repositories/gcf-artifacts","sourceProvenance":{"resolvedStorageSource":{"bucket":"gcf-v2-sources-52613538008-europe-west1","object":"notifyNewDocument/function-source.zip","generation":"1770725313436757"}},"dockerRegistry":"ARTIFACT_REGISTRY","serviceAccount":"projects/kidbox-42cd7/serviceAccounts/52613538008-compute@developer.gserviceaccount.com","automaticUpdatePolicy":{}},"serviceConfig":{"service":"projects/kidbox-42cd7/locations/europe-west1/services/notifynewdocument","timeoutSeconds":60,"environmentVariables":{"FIREBASE_CONFIG":"{\"projectId\":\"kidbox-42cd7\",\"storageBucket\":\"kidbox-42cd7.firebasestorage.app\"}","GCLOUD_PROJECT":"kidbox-42cd7","EVENTARC_CLOUD_EVENT_SOURCE":"projects/kidbox-42cd7/locations/europe-west1/services/notifyNewDocument","FUNCTION_SIGNATURE_TYPE":"cloudevent","FUNCTION_TARGET":"notifyNewDocument","LOG_EXECUTION_ID":"true"},"maxInstanceCount":20,"ingressSettings":"ALLOW_ALL","uri":"https://notifynewdocument-6qhfn2dema-ew.a.run.app","serviceAccountEmail":"firebase-adminsdk-fbsvc@kidbox-42cd7.iam.gserviceaccount.com","availableMemory":"256Mi","allTrafficOnLatestRevision":true,"maxInstanceRequestConcurrency":80,"availableCpu":"1000m"},"eventTrigger":{"trigger":"projects/kidbox-42cd7/locations/eur3/triggers/notifynewdocument-537382","triggerRegion":"eur3","eventType":"google.cloud.firestore.document.v1.created","eventFilters":[{"attribute":"document","value":"families/{familyId}/documents/{docId}","operator":"match-path-pattern"},{"attribute":"database","value":"(default)"},{"attribute":"namespace","value":"(default)"}],"pubsubTopic":"projects/kidbox-42cd7/topics/eventarc-eur3-notifynewdocument-537382-489","serviceAccountEmail":"52613538008-compute@developer.gserviceaccount.com","retryPolicy":"RETRY_POLICY_DO_NOT_RETRY"},"state":"ACTIVE","updateTime":"2026-02-10T12:10:12.993530294Z","labels":{"deployment-tool":"cli-firebase","firebase-functions-hash":"18cd0f7a2ad051c1411ee0f15ce0e7cc6f80aafd"},"environment":"GEN_2","url":"https://europe-west1-kidbox-42cd7.cloudfunctions.net/notifyNewDocument","createTime":"2026-02-10T12:08:34.528535130Z","satisfiesPzi":true},{"name":"projects/kidbox-42cd7/locations/us-central1/functions/notifyNewDocument","buildConfig":{"build":"projects/52613538008/locations/us-central1/builds/1a4fbd7b-fdf8-4403-9cdb-0d72e4a9d953","runtime":"nodejs24","entryPoint":"notifyNewDocument","source":{"storageSource":{"bucket":"gcf-v2-sources-52613538008-us-central1","object":"notifyNewDocument/function-source.zip","generation":"1770724701465526"}},"environmentVariables":{"GOOGLE_NODE_RUN_SCRIPTS":""},"dockerRepository":"projects/kidbox-42cd7/locations/us-central1/repositories/gcf-artifacts","sourceProvenance":{"resolvedStorageSource":{"bucket":"gcf-v2-sources-52613538008-us-central1","object":"notifyNewDocument/function-source.zip","generation":"1770724701465526"}},"dockerRegistry":"ARTIFACT_REGISTRY","serviceAccount":"projects/kidbox-42cd7/serviceAccounts/52613538008-compute@developer.gserviceaccount.com","automaticUpdatePolicy":{}},"state":"FAILED","updateTime":"2026-02-10T11:59:06.604754950Z","labels":{"firebase-functions-hash":"22e4d19e162fc2af312fb8c9a675eac6a8943f7b","deployment-tool":"cli-firebase"},"stateMessages":[{"severity":"ERROR","type":"CloudRunServiceNotFound","message":"Cloud Run service projects/kidbox-42cd7/locations/us-central1/services/notifynewdocument for the function was not found. The function will not work correctly. Please redeploy."},{"severity":"ERROR","type":"EventarcTriggerNotFound","message":"Eventarc trigger projects/kidbox-42cd7/locations/eur3/triggers/notifynewdocument-129171 for the function was not found. The function may not work correctly. Please redeploy."}],"environment":"GEN_2","url":"https://us-central1-kidbox-42cd7.cloudfunctions.net/notifyNewDocument","createTime":"2026-02-10T11:58:22.751918970Z","satisfiesPzi":true}]}
[debug] [2026-02-10T16:06:28.327Z] Checked if tokens are valid: true, expires at: 1770742695396
[debug] [2026-02-10T16:06:28.327Z] Checked if tokens are valid: true, expires at: 1770742695396
[debug] [2026-02-10T16:06:28.328Z] >>> [apiv2][query] GET https://firestore.googleapis.com/v1/projects/kidbox-42cd7/databases/(default) [none]
[debug] [2026-02-10T16:06:29.615Z] <<< [apiv2][status] GET https://firestore.googleapis.com/v1/projects/kidbox-42cd7/databases/(default) 200
[debug] [2026-02-10T16:06:29.615Z] <<< [apiv2][body] GET https://firestore.googleapis.com/v1/projects/kidbox-42cd7/databases/(default) {"name":"projects/kidbox-42cd7/databases/(default)","uid":"c4959d03-5c19-46a9-a075-9c66cd7c4f65","createTime":"2026-02-04T19:00:52.483098Z","updateTime":"2026-02-04T19:00:52.483098Z","locationId":"eur3","type":"FIRESTORE_NATIVE","concurrencyMode":"PESSIMISTIC","versionRetentionPeriod":"3600s","earliestVersionTime":"2026-02-10T15:06:29.613235Z","appEngineIntegrationMode":"DISABLED","keyPrefix":"e","pointInTimeRecoveryEnablement":"POINT_IN_TIME_RECOVERY_DISABLED","deleteProtectionState":"DELETE_PROTECTION_DISABLED","databaseEdition":"STANDARD","freeTier":true,"realtimeUpdatesMode":"REALTIME_UPDATES_MODE_ENABLED","etag":"IMSJ6oGnz5IDMLDwpKLdzpID"}
[info] i  functions: ensuring required API run.googleapis.com is enabled... 
[info] i  functions: ensuring required API eventarc.googleapis.com is enabled... 
[info] i  functions: ensuring required API pubsub.googleapis.com is enabled... 
[info] i  functions: ensuring required API storage.googleapis.com is enabled... 
[info] i  functions: generating the service identity for pubsub.googleapis.com... 
[debug] [2026-02-10T16:06:29.619Z] Checked if tokens are valid: true, expires at: 1770742695396
[debug] [2026-02-10T16:06:29.619Z] Checked if tokens are valid: true, expires at: 1770742695396
[info] i  functions: generating the service identity for eventarc.googleapis.com... 
[debug] [2026-02-10T16:06:29.619Z] Checked if tokens are valid: true, expires at: 1770742695396
[debug] [2026-02-10T16:06:29.619Z] Checked if tokens are valid: true, expires at: 1770742695396
[debug] [2026-02-10T16:06:29.620Z] >>> [apiv2][query] POST https://serviceusage.googleapis.com/v1beta1/projects/52613538008/services/pubsub.googleapis.com:generateServiceIdentity [none]
[debug] [2026-02-10T16:06:29.620Z] >>> [apiv2][(partial)header] POST https://serviceusage.googleapis.com/v1beta1/projects/52613538008/services/pubsub.googleapis.com:generateServiceIdentity  x-goog-user-project=52613538008
[debug] [2026-02-10T16:06:29.620Z] >>> [apiv2][body] POST https://serviceusage.googleapis.com/v1beta1/projects/52613538008/services/pubsub.googleapis.com:generateServiceIdentity {}
[debug] [2026-02-10T16:06:29.621Z] >>> [apiv2][query] POST https://serviceusage.googleapis.com/v1beta1/projects/52613538008/services/eventarc.googleapis.com:generateServiceIdentity [none]
[debug] [2026-02-10T16:06:29.622Z] >>> [apiv2][(partial)header] POST https://serviceusage.googleapis.com/v1beta1/projects/52613538008/services/eventarc.googleapis.com:generateServiceIdentity  x-goog-user-project=52613538008
[debug] [2026-02-10T16:06:29.622Z] >>> [apiv2][body] POST https://serviceusage.googleapis.com/v1beta1/projects/52613538008/services/eventarc.googleapis.com:generateServiceIdentity {}
[debug] [2026-02-10T16:06:31.723Z] <<< [apiv2][status] POST https://serviceusage.googleapis.com/v1beta1/projects/52613538008/services/eventarc.googleapis.com:generateServiceIdentity 200
[debug] [2026-02-10T16:06:31.723Z] <<< [apiv2][body] POST https://serviceusage.googleapis.com/v1beta1/projects/52613538008/services/eventarc.googleapis.com:generateServiceIdentity {"name":"operations/finished.DONE_OPERATION","done":true,"response":{"@type":"type.googleapis.com/google.api.serviceusage.v1beta1.ServiceIdentity","email":"service-52613538008@gcp-sa-eventarc.iam.gserviceaccount.com","uniqueId":"101488215596846552447"}}
[debug] [2026-02-10T16:06:31.727Z] <<< [apiv2][status] POST https://serviceusage.googleapis.com/v1beta1/projects/52613538008/services/pubsub.googleapis.com:generateServiceIdentity 200
[debug] [2026-02-10T16:06:31.728Z] <<< [apiv2][body] POST https://serviceusage.googleapis.com/v1beta1/projects/52613538008/services/pubsub.googleapis.com:generateServiceIdentity {"name":"operations/finished.DONE_OPERATION","done":true,"response":{"@type":"type.googleapis.com/google.api.serviceusage.v1beta1.ServiceIdentity","email":"service-52613538008@gcp-sa-pubsub.iam.gserviceaccount.com","uniqueId":"100969500580051323966"}}
[debug] [2026-02-10T16:06:31.732Z] Checked if tokens are valid: true, expires at: 1770742695396
[debug] [2026-02-10T16:06:31.732Z] Checked if tokens are valid: true, expires at: 1770742695396
[debug] [2026-02-10T16:06:31.732Z] >>> [apiv2][query] GET https://cloudresourcemanager.googleapis.com/v1/projects/kidbox-42cd7 [none]
[debug] [2026-02-10T16:06:32.551Z] <<< [apiv2][status] GET https://cloudresourcemanager.googleapis.com/v1/projects/kidbox-42cd7 200
[debug] [2026-02-10T16:06:32.551Z] <<< [apiv2][body] GET https://cloudresourcemanager.googleapis.com/v1/projects/kidbox-42cd7 {"projectNumber":"52613538008","projectId":"kidbox-42cd7","lifecycleState":"ACTIVE","name":"KidBox","labels":{"firebase":"enabled","firebase-core":"disabled"},"createTime":"2026-02-04T18:51:29.156605Z","parent":{"type":"organization","id":"219782898136"}}
[debug] [2026-02-10T16:06:32.553Z] Checked if tokens are valid: true, expires at: 1770742695396
[debug] [2026-02-10T16:06:32.553Z] Checked if tokens are valid: true, expires at: 1770742695396
[debug] [2026-02-10T16:06:32.553Z] >>> [apiv2][query] GET https://compute.googleapis.com/compute/v1/projects/52613538008 [none]
[debug] [2026-02-10T16:06:33.864Z] <<< [apiv2][status] GET https://compute.googleapis.com/compute/v1/projects/52613538008 403
[debug] [2026-02-10T16:06:33.866Z] <<< [apiv2][body] GET https://compute.googleapis.com/compute/v1/projects/52613538008 {"error":{"code":403,"message":"Compute Engine API has not been used in project 52613538008 before or it is disabled. Enable it by visiting https://console.developers.google.com/apis/api/compute.googleapis.com/overview?project=52613538008 then retry. If you enabled this API recently, wait a few minutes for the action to propagate to our systems and retry.","errors":[{"message":"Compute Engine API has not been used in project 52613538008 before or it is disabled. Enable it by visiting https://console.developers.google.com/apis/api/compute.googleapis.com/overview?project=52613538008 then retry. If you enabled this API recently, wait a few minutes for the action to propagate to our systems and retry.","domain":"usageLimits","reason":"accessNotConfigured","extendedHelp":"https://console.developers.google.com"}],"status":"PERMISSION_DENIED","details":[{"@type":"type.googleapis.com/google.rpc.ErrorInfo","reason":"SERVICE_DISABLED","domain":"googleapis.com","metadata":{"serviceTitle":"Compute Engine API","activationUrl":"https://console.developers.google.com/apis/api/compute.googleapis.com/overview?project=52613538008","service":"compute.googleapis.com","containerInfo":"52613538008","consumer":"projects/52613538008"}},{"@type":"type.googleapis.com/google.rpc.LocalizedMessage","locale":"en-US","message":"Compute Engine API has not been used in project 52613538008 before or it is disabled. Enable it by visiting https://console.developers.google.com/apis/api/compute.googleapis.com/overview?project=52613538008 then retry. If you enabled this API recently, wait a few minutes for the action to propagate to our systems and retry."},{"@type":"type.googleapis.com/google.rpc.Help","links":[{"description":"Google developers console API activation","url":"https://console.developers.google.com/apis/api/compute.googleapis.com/overview?project=52613538008"}]}]}}
[debug] [2026-02-10T16:06:33.866Z] unable to look up default compute service account. Falling back to 52613538008-compute@developer.gserviceaccount.com. Error: {"name":"FirebaseError","children":[],"context":{"body":{"error":{"code":403,"message":"Compute Engine API has not been used in project 52613538008 before or it is disabled. Enable it by visiting https://console.developers.google.com/apis/api/compute.googleapis.com/overview?project=52613538008 then retry. If you enabled this API recently, wait a few minutes for the action to propagate to our systems and retry.","errors":[{"message":"Compute Engine API has not been used in project 52613538008 before or it is disabled. Enable it by visiting https://console.developers.google.com/apis/api/compute.googleapis.com/overview?project=52613538008 then retry. If you enabled this API recently, wait a few minutes for the action to propagate to our systems and retry.","domain":"usageLimits","reason":"accessNotConfigured","extendedHelp":"https://console.developers.google.com"}],"status":"PERMISSION_DENIED","details":[{"@type":"type.googleapis.com/google.rpc.ErrorInfo","reason":"SERVICE_DISABLED","domain":"googleapis.com","metadata":{"serviceTitle":"Compute Engine API","activationUrl":"https://console.developers.google.com/apis/api/compute.googleapis.com/overview?project=52613538008","service":"compute.googleapis.com","containerInfo":"52613538008","consumer":"projects/52613538008"}},{"@type":"type.googleapis.com/google.rpc.LocalizedMessage","locale":"en-US","message":"Compute Engine API has not been used in project 52613538008 before or it is disabled. Enable it by visiting https://console.developers.google.com/apis/api/compute.googleapis.com/overview?project=52613538008 then retry. If you enabled this API recently, wait a few minutes for the action to propagate to our systems and retry."},{"@type":"type.googleapis.com/google.rpc.Help","links":[{"description":"Google developers console API activation","url":"https://console.developers.google.com/apis/api/compute.googleapis.com/overview?project=52613538008"}]}]}},"response":{"statusCode":403}},"exit":1,"message":"Request to https://compute.googleapis.com/compute/v1/projects/52613538008 had HTTP Error: 403, Compute Engine API has not been used in project 52613538008 before or it is disabled. Enable it by visiting https://console.developers.google.com/apis/api/compute.googleapis.com/overview?project=52613538008 then retry. If you enabled this API recently, wait a few minutes for the action to propagate to our systems and retry.","status":403}
[debug] [2026-02-10T16:06:33.867Z] Checked if tokens are valid: true, expires at: 1770742695396
[debug] [2026-02-10T16:06:33.867Z] Checked if tokens are valid: true, expires at: 1770742695396
[debug] [2026-02-10T16:06:33.867Z] >>> [apiv2][query] GET https://compute.googleapis.com/compute/v1/projects/52613538008 [none]
[debug] [2026-02-10T16:06:34.087Z] <<< [apiv2][status] GET https://compute.googleapis.com/compute/v1/projects/52613538008 403
[debug] [2026-02-10T16:06:34.088Z] <<< [apiv2][body] GET https://compute.googleapis.com/compute/v1/projects/52613538008 {"error":{"code":403,"message":"Compute Engine API has not been used in project 52613538008 before or it is disabled. Enable it by visiting https://console.developers.google.com/apis/api/compute.googleapis.com/overview?project=52613538008 then retry. If you enabled this API recently, wait a few minutes for the action to propagate to our systems and retry.","errors":[{"message":"Compute Engine API has not been used in project 52613538008 before or it is disabled. Enable it by visiting https://console.developers.google.com/apis/api/compute.googleapis.com/overview?project=52613538008 then retry. If you enabled this API recently, wait a few minutes for the action to propagate to our systems and retry.","domain":"usageLimits","reason":"accessNotConfigured","extendedHelp":"https://console.developers.google.com"}],"status":"PERMISSION_DENIED","details":[{"@type":"type.googleapis.com/google.rpc.ErrorInfo","reason":"SERVICE_DISABLED","domain":"googleapis.com","metadata":{"serviceTitle":"Compute Engine API","containerInfo":"52613538008","consumer":"projects/52613538008","service":"compute.googleapis.com","activationUrl":"https://console.developers.google.com/apis/api/compute.googleapis.com/overview?project=52613538008"}},{"@type":"type.googleapis.com/google.rpc.LocalizedMessage","locale":"en-US","message":"Compute Engine API has not been used in project 52613538008 before or it is disabled. Enable it by visiting https://console.developers.google.com/apis/api/compute.googleapis.com/overview?project=52613538008 then retry. If you enabled this API recently, wait a few minutes for the action to propagate to our systems and retry."},{"@type":"type.googleapis.com/google.rpc.Help","links":[{"description":"Google developers console API activation","url":"https://console.developers.google.com/apis/api/compute.googleapis.com/overview?project=52613538008"}]}]}}
[debug] [2026-02-10T16:06:34.089Z] unable to look up default compute service account. Falling back to 52613538008-compute@developer.gserviceaccount.com. Error: {"name":"FirebaseError","children":[],"context":{"body":{"error":{"code":403,"message":"Compute Engine API has not been used in project 52613538008 before or it is disabled. Enable it by visiting https://console.developers.google.com/apis/api/compute.googleapis.com/overview?project=52613538008 then retry. If you enabled this API recently, wait a few minutes for the action to propagate to our systems and retry.","errors":[{"message":"Compute Engine API has not been used in project 52613538008 before or it is disabled. Enable it by visiting https://console.developers.google.com/apis/api/compute.googleapis.com/overview?project=52613538008 then retry. If you enabled this API recently, wait a few minutes for the action to propagate to our systems and retry.","domain":"usageLimits","reason":"accessNotConfigured","extendedHelp":"https://console.developers.google.com"}],"status":"PERMISSION_DENIED","details":[{"@type":"type.googleapis.com/google.rpc.ErrorInfo","reason":"SERVICE_DISABLED","domain":"googleapis.com","metadata":{"serviceTitle":"Compute Engine API","containerInfo":"52613538008","consumer":"projects/52613538008","service":"compute.googleapis.com","activationUrl":"https://console.developers.google.com/apis/api/compute.googleapis.com/overview?project=52613538008"}},{"@type":"type.googleapis.com/google.rpc.LocalizedMessage","locale":"en-US","message":"Compute Engine API has not been used in project 52613538008 before or it is disabled. Enable it by visiting https://console.developers.google.com/apis/api/compute.googleapis.com/overview?project=52613538008 then retry. If you enabled this API recently, wait a few minutes for the action to propagate to our systems and retry."},{"@type":"type.googleapis.com/google.rpc.Help","links":[{"description":"Google developers console API activation","url":"https://console.developers.google.com/apis/api/compute.googleapis.com/overview?project=52613538008"}]}]}},"response":{"statusCode":403}},"exit":1,"message":"Request to https://compute.googleapis.com/compute/v1/projects/52613538008 had HTTP Error: 403, Compute Engine API has not been used in project 52613538008 before or it is disabled. Enable it by visiting https://console.developers.google.com/apis/api/compute.googleapis.com/overview?project=52613538008 then retry. If you enabled this API recently, wait a few minutes for the action to propagate to our systems and retry.","status":403}
[debug] [2026-02-10T16:06:34.091Z] Checked if tokens are valid: true, expires at: 1770742695396
[debug] [2026-02-10T16:06:34.091Z] Checked if tokens are valid: true, expires at: 1770742695396
[debug] [2026-02-10T16:06:34.091Z] >>> [apiv2][query] GET https://cloudbilling.googleapis.com/v1/projects/kidbox-42cd7/billingInfo [none]
[debug] [2026-02-10T16:06:35.673Z] <<< [apiv2][status] GET https://cloudbilling.googleapis.com/v1/projects/kidbox-42cd7/billingInfo 200
[debug] [2026-02-10T16:06:35.674Z] <<< [apiv2][body] GET https://cloudbilling.googleapis.com/v1/projects/kidbox-42cd7/billingInfo {"name":"projects/kidbox-42cd7/billingInfo","projectId":"kidbox-42cd7","billingAccountName":"billingAccounts/015E5B-092B59-BED0B8","billingEnabled":true}
[debug] [2026-02-10T16:06:35.676Z] Checked if tokens are valid: true, expires at: 1770742695396
[debug] [2026-02-10T16:06:35.677Z] Checked if tokens are valid: true, expires at: 1770742695396
[debug] [2026-02-10T16:06:35.677Z] >>> [apiv2][query] POST https://cloudfunctions.googleapis.com/v2/projects/kidbox-42cd7/locations/europe-west1/functions:generateUploadUrl [none]
[debug] [2026-02-10T16:06:35.965Z] <<< [apiv2][status] POST https://cloudfunctions.googleapis.com/v2/projects/kidbox-42cd7/locations/europe-west1/functions:generateUploadUrl 200
[debug] [2026-02-10T16:06:35.965Z] <<< [apiv2][body] POST https://cloudfunctions.googleapis.com/v2/projects/kidbox-42cd7/locations/europe-west1/functions:generateUploadUrl {"uploadUrl":"https://storage.googleapis.com/gcf-v2-uploads-52613538008.europe-west1.cloudfunctions.appspot.com/f27dce0f-6b8f-4401-b758-3f7d428337e6.zip?GoogleAccessId=service-52613538008@gcf-admin-robot.iam.gserviceaccount.com&Expires=1770741395&Signature=VR2XdZVLSm0PGjc4KHnmhmPDmuaO4r8Vr7l%2BJ5b3Nw65h7cSXHegjAaXq%2FatO%2Btgb6Z76Ipb8%2FQsZaBBSeBk4BZliJq5BmuGDpYn76f475LECvAmVKovs6fyfFRP9epC5NKE50%2FJS4kGxLXuFxWEY6ZBvq8ajeMpp0e%2BwTZ6%2B%2B6CraXHicAq%2BgU8U0yKMoov%2BhVGG6TsKQ1n1pBhlw82jN47hqZrTZ9Sdm0%2F10FyD0HmZ9oYMkI32p1xnms6g7mQxg9aswf6%2BTXiLhVJVXjN5zsS3s3SnJD6DPxzdu7Tgu3RNwS8R1zH6yFNtD9BMolRsgb0QTEINnMhFt7rt8AfJw%3D%3D","storageSource":{"bucket":"gcf-v2-uploads-52613538008.europe-west1.cloudfunctions.appspot.com","object":"f27dce0f-6b8f-4401-b758-3f7d428337e6.zip"}}
[debug] [2026-02-10T16:06:35.967Z] >>> [apiv2][query] PUT https://storage.googleapis.com/gcf-v2-uploads-52613538008.europe-west1.cloudfunctions.appspot.com/f27dce0f-6b8f-4401-b758-3f7d428337e6.zip GoogleAccessId=service-52613538008%40gcf-admin-robot.iam.gserviceaccount.com&Expires=1770741395&Signature=VR2XdZVLSm0PGjc4KHnmhmPDmuaO4r8Vr7l%2BJ5b3Nw65h7cSXHegjAaXq%2FatO%2Btgb6Z76Ipb8%2FQsZaBBSeBk4BZliJq5BmuGDpYn76f475LECvAmVKovs6fyfFRP9epC5NKE50%2FJS4kGxLXuFxWEY6ZBvq8ajeMpp0e%2BwTZ6%2B%2B6CraXHicAq%2BgU8U0yKMoov%2BhVGG6TsKQ1n1pBhlw82jN47hqZrTZ9Sdm0%2F10FyD0HmZ9oYMkI32p1xnms6g7mQxg9aswf6%2BTXiLhVJVXjN5zsS3s3SnJD6DPxzdu7Tgu3RNwS8R1zH6yFNtD9BMolRsgb0QTEINnMhFt7rt8AfJw%3D%3D
[debug] [2026-02-10T16:06:35.967Z] >>> [apiv2][body] PUT https://storage.googleapis.com/gcf-v2-uploads-52613538008.europe-west1.cloudfunctions.appspot.com/f27dce0f-6b8f-4401-b758-3f7d428337e6.zip [stream]
[debug] [2026-02-10T16:06:37.343Z] <<< [apiv2][status] PUT https://storage.googleapis.com/gcf-v2-uploads-52613538008.europe-west1.cloudfunctions.appspot.com/f27dce0f-6b8f-4401-b758-3f7d428337e6.zip 200
[debug] [2026-02-10T16:06:37.343Z] <<< [apiv2][body] PUT https://storage.googleapis.com/gcf-v2-uploads-52613538008.europe-west1.cloudfunctions.appspot.com/f27dce0f-6b8f-4401-b758-3f7d428337e6.zip [omitted]
[info] ✔  functions: functions source uploaded successfully 
[info] i  functions: updating Node.js 24 (2nd Gen) function notifyNewDocument(europe-west1)... 
[debug] [2026-02-10T16:06:37.348Z] Checked if tokens are valid: true, expires at: 1770742695396
[debug] [2026-02-10T16:06:37.348Z] Checked if tokens are valid: true, expires at: 1770742695396
[debug] [2026-02-10T16:06:37.348Z] >>> [apiv2][query] PATCH https://cloudfunctions.googleapis.com/v2/projects/kidbox-42cd7/locations/europe-west1/functions/notifyNewDocument updateMask=name%2CbuildConfig.runtime%2CbuildConfig.entryPoint%2CbuildConfig.source.storageSource.bucket%2CbuildConfig.source.storageSource.object%2CbuildConfig.environmentVariables%2CbuildConfig.sourceToken%2CserviceConfig.environmentVariables%2CserviceConfig.ingressSettings%2CserviceConfig.timeoutSeconds%2CserviceConfig.serviceAccountEmail%2CserviceConfig.availableMemory%2CserviceConfig.minInstanceCount%2CserviceConfig.maxInstanceCount%2CserviceConfig.maxInstanceRequestConcurrency%2CserviceConfig.availableCpu%2CserviceConfig.vpcConnector%2CserviceConfig.vpcConnectorEgressSettings%2Clabels%2CeventTrigger.eventType%2CeventTrigger.retryPolicy%2CeventTrigger.eventFilters%2CeventTrigger.triggerRegion
[debug] [2026-02-10T16:06:37.348Z] >>> [apiv2][body] PATCH https://cloudfunctions.googleapis.com/v2/projects/kidbox-42cd7/locations/europe-west1/functions/notifyNewDocument {"name":"projects/kidbox-42cd7/locations/europe-west1/functions/notifyNewDocument","buildConfig":{"runtime":"nodejs24","entryPoint":"notifyNewDocument","source":{"storageSource":{"bucket":"gcf-v2-uploads-52613538008.europe-west1.cloudfunctions.appspot.com","object":"f27dce0f-6b8f-4401-b758-3f7d428337e6.zip"}},"environmentVariables":{"GOOGLE_NODE_RUN_SCRIPTS":""}},"serviceConfig":{"environmentVariables":{"FIREBASE_CONFIG":"{\"projectId\":\"kidbox-42cd7\",\"storageBucket\":\"kidbox-42cd7.firebasestorage.app\"}","GCLOUD_PROJECT":"kidbox-42cd7","EVENTARC_CLOUD_EVENT_SOURCE":"projects/kidbox-42cd7/locations/europe-west1/services/notifyNewDocument","FUNCTION_SIGNATURE_TYPE":"cloudevent","FUNCTION_TARGET":"notifyNewDocument","LOG_EXECUTION_ID":"true"},"ingressSettings":null,"timeoutSeconds":null,"serviceAccountEmail":null,"availableMemory":"256Mi","minInstanceCount":null,"maxInstanceCount":null,"maxInstanceRequestConcurrency":80,"availableCpu":"1","vpcConnector":null,"vpcConnectorEgressSettings":null},"labels":{"deployment-tool":"cli-firebase","firebase-functions-hash":"d9aa798c2c621b1ba23921266c5fa15f7e4b70b9"},"eventTrigger":{"eventType":"google.cloud.firestore.document.v1.created","retryPolicy":"RETRY_POLICY_DO_NOT_RETRY","eventFilters":[{"attribute":"database","value":"(default)"},{"attribute":"namespace","value":"(default)"},{"attribute":"document","value":"families/{familyId}/documents/{docId}","operator":"match-path-pattern"}],"triggerRegion":"eur3"}}
[debug] [2026-02-10T16:06:38.453Z] <<< [apiv2][status] PATCH https://cloudfunctions.googleapis.com/v2/projects/kidbox-42cd7/locations/europe-west1/functions/notifyNewDocument 200
[debug] [2026-02-10T16:06:38.453Z] <<< [apiv2][body] PATCH https://cloudfunctions.googleapis.com/v2/projects/kidbox-42cd7/locations/europe-west1/functions/notifyNewDocument {"name":"projects/kidbox-42cd7/locations/europe-west1/operations/operation-1770739597434-64a7a70b1ddfc-c493b08d-aabec9d0","metadata":{"@type":"type.googleapis.com/google.cloud.functions.v2.OperationMetadata","createTime":"2026-02-10T16:06:38.430336541Z","target":"projects/kidbox-42cd7/locations/europe-west1/functions/notifyNewDocument","verb":"update","cancelRequested":false,"apiVersion":"v2"},"done":false}
[debug] [2026-02-10T16:06:38.455Z] Checked if tokens are valid: true, expires at: 1770742695396
[debug] [2026-02-10T16:06:38.455Z] Checked if tokens are valid: true, expires at: 1770742695396
[debug] [2026-02-10T16:06:38.455Z] >>> [apiv2][query] GET https://cloudfunctions.googleapis.com/v2/projects/kidbox-42cd7/locations/europe-west1/operations/operation-1770739597434-64a7a70b1ddfc-c493b08d-aabec9d0 [none]
[debug] [2026-02-10T16:06:38.585Z] <<< [apiv2][status] GET https://cloudfunctions.googleapis.com/v2/projects/kidbox-42cd7/locations/europe-west1/operations/operation-1770739597434-64a7a70b1ddfc-c493b08d-aabec9d0 200
[debug] [2026-02-10T16:06:38.585Z] <<< [apiv2][body] GET https://cloudfunctions.googleapis.com/v2/projects/kidbox-42cd7/locations/europe-west1/operations/operation-1770739597434-64a7a70b1ddfc-c493b08d-aabec9d0 {"name":"projects/kidbox-42cd7/locations/europe-west1/operations/operation-1770739597434-64a7a70b1ddfc-c493b08d-aabec9d0","metadata":{"@type":"type.googleapis.com/google.cloud.functions.v2.OperationMetadata","createTime":"2026-02-10T16:06:38.430336541Z","target":"projects/kidbox-42cd7/locations/europe-west1/functions/notifyNewDocument","verb":"update","cancelRequested":false,"apiVersion":"v2","requestResource":{"@type":"type.googleapis.com/google.cloud.functions.v2.Function","name":"projects/kidbox-42cd7/locations/europe-west1/functions/notifyNewDocument","buildConfig":{"runtime":"nodejs24","entryPoint":"notifyNewDocument","source":{"storageSource":{"bucket":"gcf-v2-sources-52613538008-europe-west1","object":"notifyNewDocument/function-source.zip","generation":"1770739598388685"}},"environmentVariables":{"GOOGLE_NODE_RUN_SCRIPTS":""},"dockerRepository":"projects/kidbox-42cd7/locations/europe-west1/repositories/gcf-artifacts","sourceProvenance":{"resolvedStorageSource":{"bucket":"gcf-v2-sources-52613538008-europe-west1","object":"notifyNewDocument/function-source.zip","generation":"1770725313436757"}},"dockerRegistry":"ARTIFACT_REGISTRY","serviceAccount":"projects/kidbox-42cd7/serviceAccounts/52613538008-compute@developer.gserviceaccount.com","automaticUpdatePolicy":{}},"serviceConfig":{"service":"projects/kidbox-42cd7/locations/europe-west1/services/notifynewdocument","timeoutSeconds":60,"environmentVariables":{"FIREBASE_CONFIG":"{\"projectId\":\"kidbox-42cd7\",\"storageBucket\":\"kidbox-42cd7.firebasestorage.app\"}","GCLOUD_PROJECT":"kidbox-42cd7","EVENTARC_CLOUD_EVENT_SOURCE":"projects/kidbox-42cd7/locations/europe-west1/services/notifyNewDocument","FUNCTION_SIGNATURE_TYPE":"cloudevent","FUNCTION_TARGET":"notifyNewDocument","LOG_EXECUTION_ID":"true"},"ingressSettings":"ALLOW_ALL","uri":"https://notifynewdocument-6qhfn2dema-ew.a.run.app","serviceAccountEmail":"52613538008-compute@developer.gserviceaccount.com","availableMemory":"256Mi","allTrafficOnLatestRevision":true,"maxInstanceRequestConcurrency":80,"availableCpu":"1"},"eventTrigger":{"trigger":"projects/kidbox-42cd7/locations/eur3/triggers/notifynewdocument-537382","triggerRegion":"eur3","eventType":"google.cloud.firestore.document.v1.created","eventFilters":[{"attribute":"database","value":"(default)"},{"attribute":"namespace","value":"(default)"},{"attribute":"document","value":"families/{familyId}/documents/{docId}","operator":"match-path-pattern"}],"pubsubTopic":"projects/kidbox-42cd7/topics/eventarc-eur3-notifynewdocument-537382-489","serviceAccountEmail":"52613538008-compute@developer.gserviceaccount.com","retryPolicy":"RETRY_POLICY_DO_NOT_RETRY"},"state":"ACTIVE","labels":{"deployment-tool":"cloud-console","firebase-functions-hash":"d9aa798c2c621b1ba23921266c5fa15f7e4b70b9"},"environment":"GEN_2","url":"https://europe-west1-kidbox-42cd7.cloudfunctions.net/notifyNewDocument","satisfiesPzi":true},"stages":[{"name":"BUILD","state":"NOT_STARTED"},{"name":"SERVICE","state":"NOT_STARTED"},{"name":"TRIGGER","state":"NOT_STARTED"}],"operationType":"UPDATE_FUNCTION"},"done":false}
[debug] [2026-02-10T16:06:39.088Z] [update-default-europe-west1-notifyNewDocument] Retrying task index 0
[debug] [2026-02-10T16:06:39.089Z] Checked if tokens are valid: true, expires at: 1770742695396
[debug] [2026-02-10T16:06:39.089Z] Checked if tokens are valid: true, expires at: 1770742695396
[debug] [2026-02-10T16:06:39.089Z] >>> [apiv2][query] GET https://cloudfunctions.googleapis.com/v2/projects/kidbox-42cd7/locations/europe-west1/operations/operation-1770739597434-64a7a70b1ddfc-c493b08d-aabec9d0 [none]
[debug] [2026-02-10T16:06:39.217Z] <<< [apiv2][status] GET https://cloudfunctions.googleapis.com/v2/projects/kidbox-42cd7/locations/europe-west1/operations/operation-1770739597434-64a7a70b1ddfc-c493b08d-aabec9d0 200
[debug] [2026-02-10T16:06:39.217Z] <<< [apiv2][body] GET https://cloudfunctions.googleapis.com/v2/projects/kidbox-42cd7/locations/europe-west1/operations/operation-1770739597434-64a7a70b1ddfc-c493b08d-aabec9d0 {"name":"projects/kidbox-42cd7/locations/europe-west1/operations/operation-1770739597434-64a7a70b1ddfc-c493b08d-aabec9d0","metadata":{"@type":"type.googleapis.com/google.cloud.functions.v2.OperationMetadata","createTime":"2026-02-10T16:06:38.430336541Z","target":"projects/kidbox-42cd7/locations/europe-west1/functions/notifyNewDocument","verb":"update","cancelRequested":false,"apiVersion":"v2","requestResource":{"@type":"type.googleapis.com/google.cloud.functions.v2.Function","name":"projects/kidbox-42cd7/locations/europe-west1/functions/notifyNewDocument","buildConfig":{"runtime":"nodejs24","entryPoint":"notifyNewDocument","source":{"storageSource":{"bucket":"gcf-v2-sources-52613538008-europe-west1","object":"notifyNewDocument/function-source.zip","generation":"1770739598388685"}},"environmentVariables":{"GOOGLE_NODE_RUN_SCRIPTS":""},"dockerRepository":"projects/kidbox-42cd7/locations/europe-west1/repositories/gcf-artifacts","sourceProvenance":{"resolvedStorageSource":{"bucket":"gcf-v2-sources-52613538008-europe-west1","object":"notifyNewDocument/function-source.zip","generation":"1770725313436757"}},"dockerRegistry":"ARTIFACT_REGISTRY","serviceAccount":"projects/kidbox-42cd7/serviceAccounts/52613538008-compute@developer.gserviceaccount.com","automaticUpdatePolicy":{}},"serviceConfig":{"service":"projects/kidbox-42cd7/locations/europe-west1/services/notifynewdocument","timeoutSeconds":60,"environmentVariables":{"FIREBASE_CONFIG":"{\"projectId\":\"kidbox-42cd7\",\"storageBucket\":\"kidbox-42cd7.firebasestorage.app\"}","GCLOUD_PROJECT":"kidbox-42cd7","EVENTARC_CLOUD_EVENT_SOURCE":"projects/kidbox-42cd7/locations/europe-west1/services/notifyNewDocument","FUNCTION_SIGNATURE_TYPE":"cloudevent","FUNCTION_TARGET":"notifyNewDocument","LOG_EXECUTION_ID":"true"},"ingressSettings":"ALLOW_ALL","uri":"https://notifynewdocument-6qhfn2dema-ew.a.run.app","serviceAccountEmail":"52613538008-compute@developer.gserviceaccount.com","availableMemory":"256Mi","allTrafficOnLatestRevision":true,"maxInstanceRequestConcurrency":80,"availableCpu":"1"},"eventTrigger":{"trigger":"projects/kidbox-42cd7/locations/eur3/triggers/notifynewdocument-537382","triggerRegion":"eur3","eventType":"google.cloud.firestore.document.v1.created","eventFilters":[{"attribute":"database","value":"(default)"},{"attribute":"namespace","value":"(default)"},{"attribute":"document","value":"families/{familyId}/documents/{docId}","operator":"match-path-pattern"}],"pubsubTopic":"projects/kidbox-42cd7/topics/eventarc-eur3-notifynewdocument-537382-489","serviceAccountEmail":"52613538008-compute@developer.gserviceaccount.com","retryPolicy":"RETRY_POLICY_DO_NOT_RETRY"},"state":"ACTIVE","labels":{"deployment-tool":"cloud-console","firebase-functions-hash":"d9aa798c2c621b1ba23921266c5fa15f7e4b70b9"},"environment":"GEN_2","url":"https://europe-west1-kidbox-42cd7.cloudfunctions.net/notifyNewDocument","satisfiesPzi":true},"stages":[{"name":"BUILD","state":"NOT_STARTED"},{"name":"SERVICE","state":"NOT_STARTED"},{"name":"TRIGGER","state":"NOT_STARTED"}],"operationType":"UPDATE_FUNCTION"},"done":false}
[debug] [2026-02-10T16:06:40.219Z] [update-default-europe-west1-notifyNewDocument] Retrying task index 0
[debug] [2026-02-10T16:06:40.220Z] Checked if tokens are valid: true, expires at: 1770742695396
[debug] [2026-02-10T16:06:40.221Z] Checked if tokens are valid: true, expires at: 1770742695396
[debug] [2026-02-10T16:06:40.221Z] >>> [apiv2][query] GET https://cloudfunctions.googleapis.com/v2/projects/kidbox-42cd7/locations/europe-west1/operations/operation-1770739597434-64a7a70b1ddfc-c493b08d-aabec9d0 [none]
[debug] [2026-02-10T16:06:40.373Z] <<< [apiv2][status] GET https://cloudfunctions.googleapis.com/v2/projects/kidbox-42cd7/locations/europe-west1/operations/operation-1770739597434-64a7a70b1ddfc-c493b08d-aabec9d0 200
[debug] [2026-02-10T16:06:40.374Z] <<< [apiv2][body] GET https://cloudfunctions.googleapis.com/v2/projects/kidbox-42cd7/locations/europe-west1/operations/operation-1770739597434-64a7a70b1ddfc-c493b08d-aabec9d0 {"name":"projects/kidbox-42cd7/locations/europe-west1/operations/operation-1770739597434-64a7a70b1ddfc-c493b08d-aabec9d0","metadata":{"@type":"type.googleapis.com/google.cloud.functions.v2.OperationMetadata","createTime":"2026-02-10T16:06:38.430336541Z","target":"projects/kidbox-42cd7/locations/europe-west1/functions/notifyNewDocument","verb":"update","cancelRequested":false,"apiVersion":"v2","requestResource":{"@type":"type.googleapis.com/google.cloud.functions.v2.Function","name":"projects/kidbox-42cd7/locations/europe-west1/functions/notifyNewDocument","buildConfig":{"runtime":"nodejs24","entryPoint":"notifyNewDocument","source":{"storageSource":{"bucket":"gcf-v2-sources-52613538008-europe-west1","object":"notifyNewDocument/function-source.zip","generation":"1770739598388685"}},"environmentVariables":{"GOOGLE_NODE_RUN_SCRIPTS":""},"dockerRepository":"projects/kidbox-42cd7/locations/europe-west1/repositories/gcf-artifacts","sourceProvenance":{"resolvedStorageSource":{"bucket":"gcf-v2-sources-52613538008-europe-west1","object":"notifyNewDocument/function-source.zip","generation":"1770725313436757"}},"dockerRegistry":"ARTIFACT_REGISTRY","serviceAccount":"projects/kidbox-42cd7/serviceAccounts/52613538008-compute@developer.gserviceaccount.com","automaticUpdatePolicy":{}},"serviceConfig":{"service":"projects/kidbox-42cd7/locations/europe-west1/services/notifynewdocument","timeoutSeconds":60,"environmentVariables":{"FIREBASE_CONFIG":"{\"projectId\":\"kidbox-42cd7\",\"storageBucket\":\"kidbox-42cd7.firebasestorage.app\"}","GCLOUD_PROJECT":"kidbox-42cd7","EVENTARC_CLOUD_EVENT_SOURCE":"projects/kidbox-42cd7/locations/europe-west1/services/notifyNewDocument","FUNCTION_SIGNATURE_TYPE":"cloudevent","FUNCTION_TARGET":"notifyNewDocument","LOG_EXECUTION_ID":"true"},"ingressSettings":"ALLOW_ALL","uri":"https://notifynewdocument-6qhfn2dema-ew.a.run.app","serviceAccountEmail":"52613538008-compute@developer.gserviceaccount.com","availableMemory":"256Mi","allTrafficOnLatestRevision":true,"maxInstanceRequestConcurrency":80,"availableCpu":"1"},"eventTrigger":{"trigger":"projects/kidbox-42cd7/locations/eur3/triggers/notifynewdocument-537382","triggerRegion":"eur3","eventType":"google.cloud.firestore.document.v1.created","eventFilters":[{"attribute":"database","value":"(default)"},{"attribute":"namespace","value":"(default)"},{"attribute":"document","value":"families/{familyId}/documents/{docId}","operator":"match-path-pattern"}],"pubsubTopic":"projects/kidbox-42cd7/topics/eventarc-eur3-notifynewdocument-537382-489","serviceAccountEmail":"52613538008-compute@developer.gserviceaccount.com","retryPolicy":"RETRY_POLICY_DO_NOT_RETRY"},"state":"ACTIVE","labels":{"deployment-tool":"cloud-console","firebase-functions-hash":"d9aa798c2c621b1ba23921266c5fa15f7e4b70b9"},"environment":"GEN_2","url":"https://europe-west1-kidbox-42cd7.cloudfunctions.net/notifyNewDocument","satisfiesPzi":true},"stages":[{"name":"BUILD","message":"Build in progress","state":"IN_PROGRESS","resource":"projects/52613538008/locations/europe-west1/builds/1a67515b-89d0-4047-8803-00da8a425193","resourceUri":"https://console.cloud.google.com/cloud-build/builds;region=europe-west1/1a67515b-89d0-4047-8803-00da8a425193?project=52613538008"},{"name":"SERVICE","state":"NOT_STARTED"},{"name":"TRIGGER","state":"NOT_STARTED"}],"operationType":"UPDATE_FUNCTION","buildName":"projects/52613538008/locations/europe-west1/builds/1a67515b-89d0-4047-8803-00da8a425193"},"done":false}
[debug] [2026-02-10T16:06:42.376Z] [update-default-europe-west1-notifyNewDocument] Retrying task index 0
[debug] [2026-02-10T16:06:42.378Z] Checked if tokens are valid: true, expires at: 1770742695396
[debug] [2026-02-10T16:06:42.379Z] Checked if tokens are valid: true, expires at: 1770742695396
[debug] [2026-02-10T16:06:42.379Z] >>> [apiv2][query] GET https://cloudfunctions.googleapis.com/v2/projects/kidbox-42cd7/locations/europe-west1/operations/operation-1770739597434-64a7a70b1ddfc-c493b08d-aabec9d0 [none]
[debug] [2026-02-10T16:06:42.565Z] <<< [apiv2][status] GET https://cloudfunctions.googleapis.com/v2/projects/kidbox-42cd7/locations/europe-west1/operations/operation-1770739597434-64a7a70b1ddfc-c493b08d-aabec9d0 200
[debug] [2026-02-10T16:06:42.565Z] <<< [apiv2][body] GET https://cloudfunctions.googleapis.com/v2/projects/kidbox-42cd7/locations/europe-west1/operations/operation-1770739597434-64a7a70b1ddfc-c493b08d-aabec9d0 {"name":"projects/kidbox-42cd7/locations/europe-west1/operations/operation-1770739597434-64a7a70b1ddfc-c493b08d-aabec9d0","metadata":{"@type":"type.googleapis.com/google.cloud.functions.v2.OperationMetadata","createTime":"2026-02-10T16:06:38.430336541Z","target":"projects/kidbox-42cd7/locations/europe-west1/functions/notifyNewDocument","verb":"update","cancelRequested":false,"apiVersion":"v2","requestResource":{"@type":"type.googleapis.com/google.cloud.functions.v2.Function","name":"projects/kidbox-42cd7/locations/europe-west1/functions/notifyNewDocument","buildConfig":{"runtime":"nodejs24","entryPoint":"notifyNewDocument","source":{"storageSource":{"bucket":"gcf-v2-sources-52613538008-europe-west1","object":"notifyNewDocument/function-source.zip","generation":"1770739598388685"}},"environmentVariables":{"GOOGLE_NODE_RUN_SCRIPTS":""},"dockerRepository":"projects/kidbox-42cd7/locations/europe-west1/repositories/gcf-artifacts","sourceProvenance":{"resolvedStorageSource":{"bucket":"gcf-v2-sources-52613538008-europe-west1","object":"notifyNewDocument/function-source.zip","generation":"1770725313436757"}},"dockerRegistry":"ARTIFACT_REGISTRY","serviceAccount":"projects/kidbox-42cd7/serviceAccounts/52613538008-compute@developer.gserviceaccount.com","automaticUpdatePolicy":{}},"serviceConfig":{"service":"projects/kidbox-42cd7/locations/europe-west1/services/notifynewdocument","timeoutSeconds":60,"environmentVariables":{"FIREBASE_CONFIG":"{\"projectId\":\"kidbox-42cd7\",\"storageBucket\":\"kidbox-42cd7.firebasestorage.app\"}","GCLOUD_PROJECT":"kidbox-42cd7","EVENTARC_CLOUD_EVENT_SOURCE":"projects/kidbox-42cd7/locations/europe-west1/services/notifyNewDocument","FUNCTION_SIGNATURE_TYPE":"cloudevent","FUNCTION_TARGET":"notifyNewDocument","LOG_EXECUTION_ID":"true"},"ingressSettings":"ALLOW_ALL","uri":"https://notifynewdocument-6qhfn2dema-ew.a.run.app","serviceAccountEmail":"52613538008-compute@developer.gserviceaccount.com","availableMemory":"256Mi","allTrafficOnLatestRevision":true,"maxInstanceRequestConcurrency":80,"availableCpu":"1"},"eventTrigger":{"trigger":"projects/kidbox-42cd7/locations/eur3/triggers/notifynewdocument-537382","triggerRegion":"eur3","eventType":"google.cloud.firestore.document.v1.created","eventFilters":[{"attribute":"database","value":"(default)"},{"attribute":"namespace","value":"(default)"},{"attribute":"document","value":"families/{familyId}/documents/{docId}","operator":"match-path-pattern"}],"pubsubTopic":"projects/kidbox-42cd7/topics/eventarc-eur3-notifynewdocument-537382-489","serviceAccountEmail":"52613538008-compute@developer.gserviceaccount.com","retryPolicy":"RETRY_POLICY_DO_NOT_RETRY"},"state":"ACTIVE","labels":{"deployment-tool":"cloud-console","firebase-functions-hash":"d9aa798c2c621b1ba23921266c5fa15f7e4b70b9"},"environment":"GEN_2","url":"https://europe-west1-kidbox-42cd7.cloudfunctions.net/notifyNewDocument","satisfiesPzi":true},"stages":[{"name":"BUILD","message":"Build in progress","state":"IN_PROGRESS","resource":"projects/52613538008/locations/europe-west1/builds/1a67515b-89d0-4047-8803-00da8a425193","resourceUri":"https://console.cloud.google.com/cloud-build/builds;region=europe-west1/1a67515b-89d0-4047-8803-00da8a425193?project=52613538008"},{"name":"SERVICE","state":"NOT_STARTED"},{"name":"TRIGGER","state":"NOT_STARTED"}],"operationType":"UPDATE_FUNCTION","buildName":"projects/52613538008/locations/europe-west1/builds/1a67515b-89d0-4047-8803-00da8a425193"},"done":false}
[debug] [2026-02-10T16:06:46.567Z] [update-default-europe-west1-notifyNewDocument] Retrying task index 0
[debug] [2026-02-10T16:06:46.568Z] Checked if tokens are valid: true, expires at: 1770742695396
[debug] [2026-02-10T16:06:46.569Z] Checked if tokens are valid: true, expires at: 1770742695396
[debug] [2026-02-10T16:06:46.569Z] >>> [apiv2][query] GET https://cloudfunctions.googleapis.com/v2/projects/kidbox-42cd7/locations/europe-west1/operations/operation-1770739597434-64a7a70b1ddfc-c493b08d-aabec9d0 [none]
[debug] [2026-02-10T16:06:46.809Z] <<< [apiv2][status] GET https://cloudfunctions.googleapis.com/v2/projects/kidbox-42cd7/locations/europe-west1/operations/operation-1770739597434-64a7a70b1ddfc-c493b08d-aabec9d0 200
[debug] [2026-02-10T16:06:46.809Z] <<< [apiv2][body] GET https://cloudfunctions.googleapis.com/v2/projects/kidbox-42cd7/locations/europe-west1/operations/operation-1770739597434-64a7a70b1ddfc-c493b08d-aabec9d0 {"name":"projects/kidbox-42cd7/locations/europe-west1/operations/operation-1770739597434-64a7a70b1ddfc-c493b08d-aabec9d0","metadata":{"@type":"type.googleapis.com/google.cloud.functions.v2.OperationMetadata","createTime":"2026-02-10T16:06:38.430336541Z","target":"projects/kidbox-42cd7/locations/europe-west1/functions/notifyNewDocument","verb":"update","cancelRequested":false,"apiVersion":"v2","requestResource":{"@type":"type.googleapis.com/google.cloud.functions.v2.Function","name":"projects/kidbox-42cd7/locations/europe-west1/functions/notifyNewDocument","buildConfig":{"runtime":"nodejs24","entryPoint":"notifyNewDocument","source":{"storageSource":{"bucket":"gcf-v2-sources-52613538008-europe-west1","object":"notifyNewDocument/function-source.zip","generation":"1770739598388685"}},"environmentVariables":{"GOOGLE_NODE_RUN_SCRIPTS":""},"dockerRepository":"projects/kidbox-42cd7/locations/europe-west1/repositories/gcf-artifacts","sourceProvenance":{"resolvedStorageSource":{"bucket":"gcf-v2-sources-52613538008-europe-west1","object":"notifyNewDocument/function-source.zip","generation":"1770725313436757"}},"dockerRegistry":"ARTIFACT_REGISTRY","serviceAccount":"projects/kidbox-42cd7/serviceAccounts/52613538008-compute@developer.gserviceaccount.com","automaticUpdatePolicy":{}},"serviceConfig":{"service":"projects/kidbox-42cd7/locations/europe-west1/services/notifynewdocument","timeoutSeconds":60,"environmentVariables":{"FIREBASE_CONFIG":"{\"projectId\":\"kidbox-42cd7\",\"storageBucket\":\"kidbox-42cd7.firebasestorage.app\"}","GCLOUD_PROJECT":"kidbox-42cd7","EVENTARC_CLOUD_EVENT_SOURCE":"projects/kidbox-42cd7/locations/europe-west1/services/notifyNewDocument","FUNCTION_SIGNATURE_TYPE":"cloudevent","FUNCTION_TARGET":"notifyNewDocument","LOG_EXECUTION_ID":"true"},"ingressSettings":"ALLOW_ALL","uri":"https://notifynewdocument-6qhfn2dema-ew.a.run.app","serviceAccountEmail":"52613538008-compute@developer.gserviceaccount.com","availableMemory":"256Mi","allTrafficOnLatestRevision":true,"maxInstanceRequestConcurrency":80,"availableCpu":"1"},"eventTrigger":{"trigger":"projects/kidbox-42cd7/locations/eur3/triggers/notifynewdocument-537382","triggerRegion":"eur3","eventType":"google.cloud.firestore.document.v1.created","eventFilters":[{"attribute":"database","value":"(default)"},{"attribute":"namespace","value":"(default)"},{"attribute":"document","value":"families/{familyId}/documents/{docId}","operator":"match-path-pattern"}],"pubsubTopic":"projects/kidbox-42cd7/topics/eventarc-eur3-notifynewdocument-537382-489","serviceAccountEmail":"52613538008-compute@developer.gserviceaccount.com","retryPolicy":"RETRY_POLICY_DO_NOT_RETRY"},"state":"ACTIVE","labels":{"deployment-tool":"cloud-console","firebase-functions-hash":"d9aa798c2c621b1ba23921266c5fa15f7e4b70b9"},"environment":"GEN_2","url":"https://europe-west1-kidbox-42cd7.cloudfunctions.net/notifyNewDocument","satisfiesPzi":true},"stages":[{"name":"BUILD","message":"Build in progress","state":"IN_PROGRESS","resource":"projects/52613538008/locations/europe-west1/builds/1a67515b-89d0-4047-8803-00da8a425193","resourceUri":"https://console.cloud.google.com/cloud-build/builds;region=europe-west1/1a67515b-89d0-4047-8803-00da8a425193?project=52613538008"},{"name":"SERVICE","state":"NOT_STARTED"},{"name":"TRIGGER","state":"NOT_STARTED"}],"operationType":"UPDATE_FUNCTION","buildName":"projects/52613538008/locations/europe-west1/builds/1a67515b-89d0-4047-8803-00da8a425193"},"done":false}
[debug] [2026-02-10T16:06:54.812Z] [update-default-europe-west1-notifyNewDocument] Retrying task index 0
[debug] [2026-02-10T16:06:54.813Z] Checked if tokens are valid: true, expires at: 1770742695396
[debug] [2026-02-10T16:06:54.814Z] Checked if tokens are valid: true, expires at: 1770742695396
[debug] [2026-02-10T16:06:54.814Z] >>> [apiv2][query] GET https://cloudfunctions.googleapis.com/v2/projects/kidbox-42cd7/locations/europe-west1/operations/operation-1770739597434-64a7a70b1ddfc-c493b08d-aabec9d0 [none]
[debug] [2026-02-10T16:06:55.054Z] <<< [apiv2][status] GET https://cloudfunctions.googleapis.com/v2/projects/kidbox-42cd7/locations/europe-west1/operations/operation-1770739597434-64a7a70b1ddfc-c493b08d-aabec9d0 200
[debug] [2026-02-10T16:06:55.055Z] <<< [apiv2][body] GET https://cloudfunctions.googleapis.com/v2/projects/kidbox-42cd7/locations/europe-west1/operations/operation-1770739597434-64a7a70b1ddfc-c493b08d-aabec9d0 {"name":"projects/kidbox-42cd7/locations/europe-west1/operations/operation-1770739597434-64a7a70b1ddfc-c493b08d-aabec9d0","metadata":{"@type":"type.googleapis.com/google.cloud.functions.v2.OperationMetadata","createTime":"2026-02-10T16:06:38.430336541Z","target":"projects/kidbox-42cd7/locations/europe-west1/functions/notifyNewDocument","verb":"update","cancelRequested":false,"apiVersion":"v2","requestResource":{"@type":"type.googleapis.com/google.cloud.functions.v2.Function","name":"projects/kidbox-42cd7/locations/europe-west1/functions/notifyNewDocument","buildConfig":{"runtime":"nodejs24","entryPoint":"notifyNewDocument","source":{"storageSource":{"bucket":"gcf-v2-sources-52613538008-europe-west1","object":"notifyNewDocument/function-source.zip","generation":"1770739598388685"}},"environmentVariables":{"GOOGLE_NODE_RUN_SCRIPTS":""},"dockerRepository":"projects/kidbox-42cd7/locations/europe-west1/repositories/gcf-artifacts","sourceProvenance":{"resolvedStorageSource":{"bucket":"gcf-v2-sources-52613538008-europe-west1","object":"notifyNewDocument/function-source.zip","generation":"1770725313436757"}},"dockerRegistry":"ARTIFACT_REGISTRY","serviceAccount":"projects/kidbox-42cd7/serviceAccounts/52613538008-compute@developer.gserviceaccount.com","automaticUpdatePolicy":{}},"serviceConfig":{"service":"projects/kidbox-42cd7/locations/europe-west1/services/notifynewdocument","timeoutSeconds":60,"environmentVariables":{"FIREBASE_CONFIG":"{\"projectId\":\"kidbox-42cd7\",\"storageBucket\":\"kidbox-42cd7.firebasestorage.app\"}","GCLOUD_PROJECT":"kidbox-42cd7","EVENTARC_CLOUD_EVENT_SOURCE":"projects/kidbox-42cd7/locations/europe-west1/services/notifyNewDocument","FUNCTION_SIGNATURE_TYPE":"cloudevent","FUNCTION_TARGET":"notifyNewDocument","LOG_EXECUTION_ID":"true"},"ingressSettings":"ALLOW_ALL","uri":"https://notifynewdocument-6qhfn2dema-ew.a.run.app","serviceAccountEmail":"52613538008-compute@developer.gserviceaccount.com","availableMemory":"256Mi","allTrafficOnLatestRevision":true,"maxInstanceRequestConcurrency":80,"availableCpu":"1"},"eventTrigger":{"trigger":"projects/kidbox-42cd7/locations/eur3/triggers/notifynewdocument-537382","triggerRegion":"eur3","eventType":"google.cloud.firestore.document.v1.created","eventFilters":[{"attribute":"database","value":"(default)"},{"attribute":"namespace","value":"(default)"},{"attribute":"document","value":"families/{familyId}/documents/{docId}","operator":"match-path-pattern"}],"pubsubTopic":"projects/kidbox-42cd7/topics/eventarc-eur3-notifynewdocument-537382-489","serviceAccountEmail":"52613538008-compute@developer.gserviceaccount.com","retryPolicy":"RETRY_POLICY_DO_NOT_RETRY"},"state":"ACTIVE","labels":{"deployment-tool":"cloud-console","firebase-functions-hash":"d9aa798c2c621b1ba23921266c5fa15f7e4b70b9"},"environment":"GEN_2","url":"https://europe-west1-kidbox-42cd7.cloudfunctions.net/notifyNewDocument","satisfiesPzi":true},"stages":[{"name":"BUILD","message":"Build in progress","state":"IN_PROGRESS","resource":"projects/52613538008/locations/europe-west1/builds/1a67515b-89d0-4047-8803-00da8a425193","resourceUri":"https://console.cloud.google.com/cloud-build/builds;region=europe-west1/1a67515b-89d0-4047-8803-00da8a425193?project=52613538008"},{"name":"SERVICE","state":"NOT_STARTED"},{"name":"TRIGGER","state":"NOT_STARTED"}],"operationType":"UPDATE_FUNCTION","buildName":"projects/52613538008/locations/europe-west1/builds/1a67515b-89d0-4047-8803-00da8a425193"},"done":false}
[debug] [2026-02-10T16:07:05.057Z] [update-default-europe-west1-notifyNewDocument] Retrying task index 0
[debug] [2026-02-10T16:07:05.058Z] Checked if tokens are valid: true, expires at: 1770742695396
[debug] [2026-02-10T16:07:05.058Z] Checked if tokens are valid: true, expires at: 1770742695396
[debug] [2026-02-10T16:07:05.058Z] >>> [apiv2][query] GET https://cloudfunctions.googleapis.com/v2/projects/kidbox-42cd7/locations/europe-west1/operations/operation-1770739597434-64a7a70b1ddfc-c493b08d-aabec9d0 [none]
[debug] [2026-02-10T16:07:05.243Z] <<< [apiv2][status] GET https://cloudfunctions.googleapis.com/v2/projects/kidbox-42cd7/locations/europe-west1/operations/operation-1770739597434-64a7a70b1ddfc-c493b08d-aabec9d0 200
[debug] [2026-02-10T16:07:05.243Z] <<< [apiv2][body] GET https://cloudfunctions.googleapis.com/v2/projects/kidbox-42cd7/locations/europe-west1/operations/operation-1770739597434-64a7a70b1ddfc-c493b08d-aabec9d0 {"name":"projects/kidbox-42cd7/locations/europe-west1/operations/operation-1770739597434-64a7a70b1ddfc-c493b08d-aabec9d0","metadata":{"@type":"type.googleapis.com/google.cloud.functions.v2.OperationMetadata","createTime":"2026-02-10T16:06:38.430336541Z","target":"projects/kidbox-42cd7/locations/europe-west1/functions/notifyNewDocument","verb":"update","cancelRequested":false,"apiVersion":"v2","requestResource":{"@type":"type.googleapis.com/google.cloud.functions.v2.Function","name":"projects/kidbox-42cd7/locations/europe-west1/functions/notifyNewDocument","buildConfig":{"runtime":"nodejs24","entryPoint":"notifyNewDocument","source":{"storageSource":{"bucket":"gcf-v2-sources-52613538008-europe-west1","object":"notifyNewDocument/function-source.zip","generation":"1770739598388685"}},"environmentVariables":{"GOOGLE_NODE_RUN_SCRIPTS":""},"dockerRepository":"projects/kidbox-42cd7/locations/europe-west1/repositories/gcf-artifacts","sourceProvenance":{"resolvedStorageSource":{"bucket":"gcf-v2-sources-52613538008-europe-west1","object":"notifyNewDocument/function-source.zip","generation":"1770725313436757"}},"dockerRegistry":"ARTIFACT_REGISTRY","serviceAccount":"projects/kidbox-42cd7/serviceAccounts/52613538008-compute@developer.gserviceaccount.com","automaticUpdatePolicy":{}},"serviceConfig":{"service":"projects/kidbox-42cd7/locations/europe-west1/services/notifynewdocument","timeoutSeconds":60,"environmentVariables":{"FIREBASE_CONFIG":"{\"projectId\":\"kidbox-42cd7\",\"storageBucket\":\"kidbox-42cd7.firebasestorage.app\"}","GCLOUD_PROJECT":"kidbox-42cd7","EVENTARC_CLOUD_EVENT_SOURCE":"projects/kidbox-42cd7/locations/europe-west1/services/notifyNewDocument","FUNCTION_SIGNATURE_TYPE":"cloudevent","FUNCTION_TARGET":"notifyNewDocument","LOG_EXECUTION_ID":"true"},"ingressSettings":"ALLOW_ALL","uri":"https://notifynewdocument-6qhfn2dema-ew.a.run.app","serviceAccountEmail":"52613538008-compute@developer.gserviceaccount.com","availableMemory":"256Mi","allTrafficOnLatestRevision":true,"maxInstanceRequestConcurrency":80,"availableCpu":"1"},"eventTrigger":{"trigger":"projects/kidbox-42cd7/locations/eur3/triggers/notifynewdocument-537382","triggerRegion":"eur3","eventType":"google.cloud.firestore.document.v1.created","eventFilters":[{"attribute":"database","value":"(default)"},{"attribute":"namespace","value":"(default)"},{"attribute":"document","value":"families/{familyId}/documents/{docId}","operator":"match-path-pattern"}],"pubsubTopic":"projects/kidbox-42cd7/topics/eventarc-eur3-notifynewdocument-537382-489","serviceAccountEmail":"52613538008-compute@developer.gserviceaccount.com","retryPolicy":"RETRY_POLICY_DO_NOT_RETRY"},"state":"ACTIVE","labels":{"deployment-tool":"cloud-console","firebase-functions-hash":"d9aa798c2c621b1ba23921266c5fa15f7e4b70b9"},"environment":"GEN_2","url":"https://europe-west1-kidbox-42cd7.cloudfunctions.net/notifyNewDocument","satisfiesPzi":true},"stages":[{"name":"BUILD","message":"Build in progress","state":"IN_PROGRESS","resource":"projects/52613538008/locations/europe-west1/builds/1a67515b-89d0-4047-8803-00da8a425193","resourceUri":"https://console.cloud.google.com/cloud-build/builds;region=europe-west1/1a67515b-89d0-4047-8803-00da8a425193?project=52613538008"},{"name":"SERVICE","state":"NOT_STARTED"},{"name":"TRIGGER","state":"NOT_STARTED"}],"operationType":"UPDATE_FUNCTION","buildName":"projects/52613538008/locations/europe-west1/builds/1a67515b-89d0-4047-8803-00da8a425193"},"done":false}
[debug] [2026-02-10T16:07:15.249Z] [update-default-europe-west1-notifyNewDocument] Retrying task index 0
[debug] [2026-02-10T16:07:15.253Z] Checked if tokens are valid: true, expires at: 1770742695396
[debug] [2026-02-10T16:07:15.254Z] Checked if tokens are valid: true, expires at: 1770742695396
[debug] [2026-02-10T16:07:15.254Z] >>> [apiv2][query] GET https://cloudfunctions.googleapis.com/v2/projects/kidbox-42cd7/locations/europe-west1/operations/operation-1770739597434-64a7a70b1ddfc-c493b08d-aabec9d0 [none]
[debug] [2026-02-10T16:07:15.499Z] <<< [apiv2][status] GET https://cloudfunctions.googleapis.com/v2/projects/kidbox-42cd7/locations/europe-west1/operations/operation-1770739597434-64a7a70b1ddfc-c493b08d-aabec9d0 200
[debug] [2026-02-10T16:07:15.499Z] <<< [apiv2][body] GET https://cloudfunctions.googleapis.com/v2/projects/kidbox-42cd7/locations/europe-west1/operations/operation-1770739597434-64a7a70b1ddfc-c493b08d-aabec9d0 {"name":"projects/kidbox-42cd7/locations/europe-west1/operations/operation-1770739597434-64a7a70b1ddfc-c493b08d-aabec9d0","metadata":{"@type":"type.googleapis.com/google.cloud.functions.v2.OperationMetadata","createTime":"2026-02-10T16:06:38.430336541Z","target":"projects/kidbox-42cd7/locations/europe-west1/functions/notifyNewDocument","verb":"update","cancelRequested":false,"apiVersion":"v2","requestResource":{"@type":"type.googleapis.com/google.cloud.functions.v2.Function","name":"projects/kidbox-42cd7/locations/europe-west1/functions/notifyNewDocument","buildConfig":{"runtime":"nodejs24","entryPoint":"notifyNewDocument","source":{"storageSource":{"bucket":"gcf-v2-sources-52613538008-europe-west1","object":"notifyNewDocument/function-source.zip","generation":"1770739598388685"}},"environmentVariables":{"GOOGLE_NODE_RUN_SCRIPTS":""},"dockerRepository":"projects/kidbox-42cd7/locations/europe-west1/repositories/gcf-artifacts","sourceProvenance":{"resolvedStorageSource":{"bucket":"gcf-v2-sources-52613538008-europe-west1","object":"notifyNewDocument/function-source.zip","generation":"1770725313436757"}},"dockerRegistry":"ARTIFACT_REGISTRY","serviceAccount":"projects/kidbox-42cd7/serviceAccounts/52613538008-compute@developer.gserviceaccount.com","automaticUpdatePolicy":{}},"serviceConfig":{"service":"projects/kidbox-42cd7/locations/europe-west1/services/notifynewdocument","timeoutSeconds":60,"environmentVariables":{"FIREBASE_CONFIG":"{\"projectId\":\"kidbox-42cd7\",\"storageBucket\":\"kidbox-42cd7.firebasestorage.app\"}","GCLOUD_PROJECT":"kidbox-42cd7","EVENTARC_CLOUD_EVENT_SOURCE":"projects/kidbox-42cd7/locations/europe-west1/services/notifyNewDocument","FUNCTION_SIGNATURE_TYPE":"cloudevent","FUNCTION_TARGET":"notifyNewDocument","LOG_EXECUTION_ID":"true"},"ingressSettings":"ALLOW_ALL","uri":"https://notifynewdocument-6qhfn2dema-ew.a.run.app","serviceAccountEmail":"52613538008-compute@developer.gserviceaccount.com","availableMemory":"256Mi","allTrafficOnLatestRevision":true,"maxInstanceRequestConcurrency":80,"availableCpu":"1"},"eventTrigger":{"trigger":"projects/kidbox-42cd7/locations/eur3/triggers/notifynewdocument-537382","triggerRegion":"eur3","eventType":"google.cloud.firestore.document.v1.created","eventFilters":[{"attribute":"database","value":"(default)"},{"attribute":"namespace","value":"(default)"},{"attribute":"document","value":"families/{familyId}/documents/{docId}","operator":"match-path-pattern"}],"pubsubTopic":"projects/kidbox-42cd7/topics/eventarc-eur3-notifynewdocument-537382-489","serviceAccountEmail":"52613538008-compute@developer.gserviceaccount.com","retryPolicy":"RETRY_POLICY_DO_NOT_RETRY"},"state":"ACTIVE","labels":{"deployment-tool":"cloud-console","firebase-functions-hash":"d9aa798c2c621b1ba23921266c5fa15f7e4b70b9"},"environment":"GEN_2","url":"https://europe-west1-kidbox-42cd7.cloudfunctions.net/notifyNewDocument","satisfiesPzi":true},"stages":[{"name":"BUILD","message":"Build in progress","state":"IN_PROGRESS","resource":"projects/52613538008/locations/europe-west1/builds/1a67515b-89d0-4047-8803-00da8a425193","resourceUri":"https://console.cloud.google.com/cloud-build/builds;region=europe-west1/1a67515b-89d0-4047-8803-00da8a425193?project=52613538008"},{"name":"SERVICE","state":"NOT_STARTED"},{"name":"TRIGGER","state":"NOT_STARTED"}],"operationType":"UPDATE_FUNCTION","buildName":"projects/52613538008/locations/europe-west1/builds/1a67515b-89d0-4047-8803-00da8a425193"},"done":false}
[debug] [2026-02-10T16:07:25.500Z] [update-default-europe-west1-notifyNewDocument] Retrying task index 0
[debug] [2026-02-10T16:07:25.501Z] Checked if tokens are valid: true, expires at: 1770742695396
[debug] [2026-02-10T16:07:25.501Z] Checked if tokens are valid: true, expires at: 1770742695396
[debug] [2026-02-10T16:07:25.501Z] >>> [apiv2][query] GET https://cloudfunctions.googleapis.com/v2/projects/kidbox-42cd7/locations/europe-west1/operations/operation-1770739597434-64a7a70b1ddfc-c493b08d-aabec9d0 [none]
[debug] [2026-02-10T16:07:25.693Z] <<< [apiv2][status] GET https://cloudfunctions.googleapis.com/v2/projects/kidbox-42cd7/locations/europe-west1/operations/operation-1770739597434-64a7a70b1ddfc-c493b08d-aabec9d0 200
[debug] [2026-02-10T16:07:25.694Z] <<< [apiv2][body] GET https://cloudfunctions.googleapis.com/v2/projects/kidbox-42cd7/locations/europe-west1/operations/operation-1770739597434-64a7a70b1ddfc-c493b08d-aabec9d0 {"name":"projects/kidbox-42cd7/locations/europe-west1/operations/operation-1770739597434-64a7a70b1ddfc-c493b08d-aabec9d0","metadata":{"@type":"type.googleapis.com/google.cloud.functions.v2.OperationMetadata","createTime":"2026-02-10T16:06:38.430336541Z","endTime":"2026-02-10T16:07:24.798478272Z","target":"projects/kidbox-42cd7/locations/europe-west1/functions/notifyNewDocument","verb":"update","cancelRequested":false,"apiVersion":"v2","requestResource":{"@type":"type.googleapis.com/google.cloud.functions.v2.Function","name":"projects/kidbox-42cd7/locations/europe-west1/functions/notifyNewDocument","buildConfig":{"runtime":"nodejs24","entryPoint":"notifyNewDocument","source":{"storageSource":{"bucket":"gcf-v2-sources-52613538008-europe-west1","object":"notifyNewDocument/function-source.zip","generation":"1770739598388685"}},"environmentVariables":{"GOOGLE_NODE_RUN_SCRIPTS":""},"dockerRepository":"projects/kidbox-42cd7/locations/europe-west1/repositories/gcf-artifacts","sourceProvenance":{"resolvedStorageSource":{"bucket":"gcf-v2-sources-52613538008-europe-west1","object":"notifyNewDocument/function-source.zip","generation":"1770725313436757"}},"dockerRegistry":"ARTIFACT_REGISTRY","serviceAccount":"projects/kidbox-42cd7/serviceAccounts/52613538008-compute@developer.gserviceaccount.com","automaticUpdatePolicy":{}},"serviceConfig":{"service":"projects/kidbox-42cd7/locations/europe-west1/services/notifynewdocument","timeoutSeconds":60,"environmentVariables":{"FIREBASE_CONFIG":"{\"projectId\":\"kidbox-42cd7\",\"storageBucket\":\"kidbox-42cd7.firebasestorage.app\"}","GCLOUD_PROJECT":"kidbox-42cd7","EVENTARC_CLOUD_EVENT_SOURCE":"projects/kidbox-42cd7/locations/europe-west1/services/notifyNewDocument","FUNCTION_SIGNATURE_TYPE":"cloudevent","FUNCTION_TARGET":"notifyNewDocument","LOG_EXECUTION_ID":"true"},"ingressSettings":"ALLOW_ALL","uri":"https://notifynewdocument-6qhfn2dema-ew.a.run.app","serviceAccountEmail":"52613538008-compute@developer.gserviceaccount.com","availableMemory":"256Mi","allTrafficOnLatestRevision":true,"maxInstanceRequestConcurrency":80,"availableCpu":"1"},"eventTrigger":{"trigger":"projects/kidbox-42cd7/locations/eur3/triggers/notifynewdocument-537382","triggerRegion":"eur3","eventType":"google.cloud.firestore.document.v1.created","eventFilters":[{"attribute":"database","value":"(default)"},{"attribute":"namespace","value":"(default)"},{"attribute":"document","value":"families/{familyId}/documents/{docId}","operator":"match-path-pattern"}],"pubsubTopic":"projects/kidbox-42cd7/topics/eventarc-eur3-notifynewdocument-537382-489","serviceAccountEmail":"52613538008-compute@developer.gserviceaccount.com","retryPolicy":"RETRY_POLICY_DO_NOT_RETRY"},"state":"ACTIVE","labels":{"deployment-tool":"cloud-console","firebase-functions-hash":"d9aa798c2c621b1ba23921266c5fa15f7e4b70b9"},"environment":"GEN_2","url":"https://europe-west1-kidbox-42cd7.cloudfunctions.net/notifyNewDocument","satisfiesPzi":true},"stages":[{"name":"SERVICE","state":"NOT_STARTED"},{"name":"TRIGGER","state":"NOT_STARTED"}],"operationType":"UPDATE_FUNCTION"},"done":true,"error":{"code":3,"message":"Build failed with status: FAILURE and message: npm error code EUSAGE\nnpm error\nnpm error `npm ci` can only install packages when your package.json and package-lock.json or npm-shrinkwrap.json are in sync. Please update your lock file with `npm install` before continuing.\nnpm error\nnpm error Missing: @pkgjs/parseargs@0.11.0 from lock file\nnpm error Missing: fsevents@2.3.3 from lock file\nnpm error Missing: @unrs/resolver-binding-android-arm-eabi@1.11.1 from lock file\nnpm error Missing: @unrs/resolver-binding-android-arm64@1.11.1 from lock file\nnpm error Missing: @unrs/resolver-binding-darwin-arm64@1.11.1 from lock file\nnpm error Missing: @unrs/resolver-binding-darwin-x64@1.11.1 from lock file\nnpm error Missing: @unrs/resolver-binding-freebsd-x64@1.11.1 from lock file\nnpm error Missing: @unrs/resolver-binding-linux-arm-gnueabihf@1.11.1 from lock file\nnpm error Missing: @unrs/resolver-binding-linux-arm-musleabihf@1.11.1 from lock file\nnpm error Missing: @unrs/resolver-binding-linux-arm64-gnu@1.11.1 from lock file\nnpm error Missing: @unrs/resolver-binding-linux-arm64-musl@1.11.1 from lock file\nnpm error Missing: @unrs/resolver-binding-linux-ppc64-gnu@1.11.1 from lock file\nnpm error Missing: @unrs/resolver-binding-linux-riscv64-gnu@1.11.1 from lock file\nnpm error Missing: @unrs/resolver-binding-linux-riscv64-musl@1.11.1 from lock file\nnpm error Missing: @unrs/resolver-binding-linux-s390x-gnu@1.11.1 from lock file\nnpm error Missing: @unrs/resolver-binding-linux-x64-gnu@1.11.1 from lock file\nnpm error Missing: @unrs/resolver-binding-linux-x64-musl@1.11.1 from lock file\nnpm error Missing: @unrs/resolver-binding-wasm32-wasi@1.11.1 from lock file\nnpm error Missing: @unrs/resolver-binding-win32-arm64-msvc@1.11.1 from lock file\nnpm error Missing: @unrs/resolver-binding-win32-ia32-msvc@1.11.1 from lock file\nnpm error Missing: @unrs/resolver-binding-win32-x64-msvc@1.11.1 from lock file\nnpm error Missing: @napi-rs/wasm-runtime@0.2.12 from lock file\nnpm error Missing: @emnapi/core@1.8.1 from lock file\nnpm error Missing: @emnapi/runtime@1.8.1 from lock file\nnpm error Missing: @tybys/wasm-util@0.10.1 from lock file\nnpm error Missing: @emnapi/wasi-threads@1.1.0 from lock file\nnpm error\nnpm error Clean install a project\nnpm error\nnpm error Usage:\nnpm error npm ci\nnpm error\nnpm error Options:\nnpm error [--install-strategy <hoisted|nested|shallow|linked>] [--legacy-bundling]\nnpm error [--global-style] [--omit <dev|optional|peer> [--omit <dev|optional|peer> ...]]\nnpm error [--include <prod|dev|optional|peer> [--include <prod|dev|optional|peer> ...]]\nnpm error [--strict-peer-deps] [--foreground-scripts] [--ignore-scripts] [--no-audit]\nnpm error [--no-bin-links] [--no-fund] [--dry-run]\nnpm error [-w|--workspace <workspace-name> [-w|--workspace <workspace-name> ...]]\nnpm error [--workspaces] [--include-workspace-root] [--install-links]\nnpm error\nnpm error aliases: clean-install, ic, install-clean, isntall-clean\nnpm error\nnpm error Run \"npm help ci\" for more info\nnpm error A complete log of this run can be found in: /www-data-home/.npm/_logs/2026-02-10T16_07_00_258Z-debug-0.log. For more details see the logs at https://console.cloud.google.com/cloud-build/builds;region=europe-west1/1a67515b-89d0-4047-8803-00da8a425193?project=52613538008."}}
[debug] [2026-02-10T16:07:25.694Z] Got source token undefined for region europe-west1
[error] Build failed with status: FAILURE and message: npm error code EUSAGE
npm error
npm error `npm ci` can only install packages when your package.json and package-lock.json or npm-shrinkwrap.json are in sync. Please update your lock file with `npm install` before continuing.
npm error
npm error Missing: @pkgjs/parseargs@0.11.0 from lock file
npm error Missing: fsevents@2.3.3 from lock file
npm error Missing: @unrs/resolver-binding-android-arm-eabi@1.11.1 from lock file
npm error Missing: @unrs/resolver-binding-android-arm64@1.11.1 from lock file
npm error Missing: @unrs/resolver-binding-darwin-arm64@1.11.1 from lock file
npm error Missing: @unrs/resolver-binding-darwin-x64@1.11.1 from lock file
npm error Missing: @unrs/resolver-binding-freebsd-x64@1.11.1 from lock file
npm error Missing: @unrs/resolver-binding-linux-arm-gnueabihf@1.11.1 from lock file
npm error Missing: @unrs/resolver-binding-linux-arm-musleabihf@1.11.1 from lock file
npm error Missing: @unrs/resolver-binding-linux-arm64-gnu@1.11.1 from lock file
npm error Missing: @unrs/resolver-binding-linux-arm64-musl@1.11.1 from lock file
npm error Missing: @unrs/resolver-binding-linux-ppc64-gnu@1.11.1 from lock file
npm error Missing: @unrs/resolver-binding-linux-riscv64-gnu@1.11.1 from lock file
npm error Missing: @unrs/resolver-binding-linux-riscv64-musl@1.11.1 from lock file
npm error Missing: @unrs/resolver-binding-linux-s390x-gnu@1.11.1 from lock file
npm error Missing: @unrs/resolver-binding-linux-x64-gnu@1.11.1 from lock file
npm error Missing: @unrs/resolver-binding-linux-x64-musl@1.11.1 from lock file
npm error Missing: @unrs/resolver-binding-wasm32-wasi@1.11.1 from lock file
npm error Missing: @unrs/resolver-binding-win32-arm64-msvc@1.11.1 from lock file
npm error Missing: @unrs/resolver-binding-win32-ia32-msvc@1.11.1 from lock file
npm error Missing: @unrs/resolver-binding-win32-x64-msvc@1.11.1 from lock file
npm error Missing: @napi-rs/wasm-runtime@0.2.12 from lock file
npm error Missing: @emnapi/core@1.8.1 from lock file
npm error Missing: @emnapi/runtime@1.8.1 from lock file
npm error Missing: @tybys/wasm-util@0.10.1 from lock file
npm error Missing: @emnapi/wasi-threads@1.1.0 from lock file
npm error
npm error Clean install a project
npm error
npm error Usage:
npm error npm ci
npm error
npm error Options:
npm error [--install-strategy <hoisted|nested|shallow|linked>] [--legacy-bundling]
npm error [--global-style] [--omit <dev|optional|peer> [--omit <dev|optional|peer> ...]]
npm error [--include <prod|dev|optional|peer> [--include <prod|dev|optional|peer> ...]]
npm error [--strict-peer-deps] [--foreground-scripts] [--ignore-scripts] [--no-audit]
npm error [--no-bin-links] [--no-fund] [--dry-run]
npm error [-w|--workspace <workspace-name> [-w|--workspace <workspace-name> ...]]
npm error [--workspaces] [--include-workspace-root] [--install-links]
npm error
npm error aliases: clean-install, ic, install-clean, isntall-clean
npm error
npm error Run "npm help ci" for more info
npm error A complete log of this run can be found in: /www-data-home/.npm/_logs/2026-02-10T16_07_00_258Z-debug-0.log. For more details see the logs at https://console.cloud.google.com/cloud-build/builds;region=europe-west1/1a67515b-89d0-4047-8803-00da8a425193?project=52613538008.
[debug] [2026-02-10T16:07:25.710Z] Total Function Deployment time: 48357
[debug] [2026-02-10T16:07:25.710Z] 1 Functions Deployed
[debug] [2026-02-10T16:07:25.710Z] 1 Functions Errored
[debug] [2026-02-10T16:07:25.710Z] 0 Function Deployments Aborted
[debug] [2026-02-10T16:07:25.710Z] Average Function Deployment time: 48356
[info] 
[info] Functions deploy had errors with the following functions:
	notifyNewDocument(europe-west1)
[debug] [2026-02-10T16:07:26.035Z] Checked if tokens are valid: true, expires at: 1770742695396
[debug] [2026-02-10T16:07:26.035Z] Checked if tokens are valid: true, expires at: 1770742695396
[debug] [2026-02-10T16:07:26.035Z] >>> [apiv2][query] GET https://artifactregistry.googleapis.com/v1/projects/kidbox-42cd7/locations/europe-west1/repositories/gcf-artifacts [none]
[debug] [2026-02-10T16:07:26.339Z] <<< [apiv2][status] GET https://artifactregistry.googleapis.com/v1/projects/kidbox-42cd7/locations/europe-west1/repositories/gcf-artifacts 200
[debug] [2026-02-10T16:07:26.340Z] <<< [apiv2][body] GET https://artifactregistry.googleapis.com/v1/projects/kidbox-42cd7/locations/europe-west1/repositories/gcf-artifacts {"name":"projects/kidbox-42cd7/locations/europe-west1/repositories/gcf-artifacts","format":"DOCKER","description":"This repository is created and used by Cloud Functions for storing function docker images.","labels":{"goog-managed-by":"cloudfunctions"},"createTime":"2026-02-10T12:08:44.758092Z","updateTime":"2026-02-10T12:11:18.485793Z","mode":"STANDARD_REPOSITORY","cleanupPolicies":{"firebase-functions-cleanup":{"id":"firebase-functions-cleanup","action":"DELETE","condition":{"tagState":"ANY","olderThan":"604800s"}}},"sizeBytes":"97103931","vulnerabilityScanningConfig":{"lastEnableTime":"2026-02-10T12:08:34.729160542Z","enablementState":"SCANNING_DISABLED","enablementStateReason":"API containerscanning.googleapis.com is not enabled."},"satisfiesPzi":true,"registryUri":"europe-west1-docker.pkg.dev/kidbox-42cd7/gcf-artifacts"}
[debug] [2026-02-10T16:07:26.341Z] Functions deploy failed.
[debug] [2026-02-10T16:07:26.341Z] {
  "endpoint": {
    "id": "notifyNewDocument",
    "project": "kidbox-42cd7",
    "region": "europe-west1",
    "entryPoint": "notifyNewDocument",
    "platform": "gcfv2",
    "runtime": "nodejs24",
    "eventTrigger": {
      "eventType": "google.cloud.firestore.document.v1.created",
      "retry": false,
      "eventFilters": {
        "database": "(default)",
        "namespace": "(default)"
      },
      "eventFilterPathPatterns": {
        "document": "families/{familyId}/documents/{docId}"
      },
      "region": "eur3"
    },
    "labels": {
      "deployment-tool": "cli-firebase"
    },
    "serviceAccount": null,
    "ingressSettings": null,
    "availableMemoryMb": null,
    "timeoutSeconds": null,
    "maxInstances": null,
    "minInstances": null,
    "concurrency": 80,
    "vpc": null,
    "environmentVariables": {
      "FIREBASE_CONFIG": "{\"projectId\":\"kidbox-42cd7\",\"storageBucket\":\"kidbox-42cd7.firebasestorage.app\"}",
      "GCLOUD_PROJECT": "kidbox-42cd7",
      "EVENTARC_CLOUD_EVENT_SOURCE": "projects/kidbox-42cd7/locations/europe-west1/services/notifyNewDocument",
      "FUNCTION_SIGNATURE_TYPE": "cloudevent",
      "FUNCTION_TARGET": "notifyNewDocument",
      "LOG_EXECUTION_ID": "true"
    },
    "codebase": "default",
    "runServiceId": "notifynewdocument",
    "securityLevel": "SECURE_ALWAYS",
    "cpu": 1,
    "targetedByOnly": true,
    "hash": "d9aa798c2c621b1ba23921266c5fa15f7e4b70b9"
  },
  "op": "update",
  "original": {
    "name": "FirebaseError",
    "children": [],
    "exit": 1,
    "message": "Build failed with status: FAILURE and message: npm error code EUSAGE\nnpm error\nnpm error `npm ci` can only install packages when your package.json and package-lock.json or npm-shrinkwrap.json are in sync. Please update your lock file with `npm install` before continuing.\nnpm error\nnpm error Missing: @pkgjs/parseargs@0.11.0 from lock file\nnpm error Missing: fsevents@2.3.3 from lock file\nnpm error Missing: @unrs/resolver-binding-android-arm-eabi@1.11.1 from lock file\nnpm error Missing: @unrs/resolver-binding-android-arm64@1.11.1 from lock file\nnpm error Missing: @unrs/resolver-binding-darwin-arm64@1.11.1 from lock file\nnpm error Missing: @unrs/resolver-binding-darwin-x64@1.11.1 from lock file\nnpm error Missing: @unrs/resolver-binding-freebsd-x64@1.11.1 from lock file\nnpm error Missing: @unrs/resolver-binding-linux-arm-gnueabihf@1.11.1 from lock file\nnpm error Missing: @unrs/resolver-binding-linux-arm-musleabihf@1.11.1 from lock file\nnpm error Missing: @unrs/resolver-binding-linux-arm64-gnu@1.11.1 from lock file\nnpm error Missing: @unrs/resolver-binding-linux-arm64-musl@1.11.1 from lock file\nnpm error Missing: @unrs/resolver-binding-linux-ppc64-gnu@1.11.1 from lock file\nnpm error Missing: @unrs/resolver-binding-linux-riscv64-gnu@1.11.1 from lock file\nnpm error Missing: @unrs/resolver-binding-linux-riscv64-musl@1.11.1 from lock file\nnpm error Missing: @unrs/resolver-binding-linux-s390x-gnu@1.11.1 from lock file\nnpm error Missing: @unrs/resolver-binding-linux-x64-gnu@1.11.1 from lock file\nnpm error Missing: @unrs/resolver-binding-linux-x64-musl@1.11.1 from lock file\nnpm error Missing: @unrs/resolver-binding-wasm32-wasi@1.11.1 from lock file\nnpm error Missing: @unrs/resolver-binding-win32-arm64-msvc@1.11.1 from lock file\nnpm error Missing: @unrs/resolver-binding-win32-ia32-msvc@1.11.1 from lock file\nnpm error Missing: @unrs/resolver-binding-win32-x64-msvc@1.11.1 from lock file\nnpm error Missing: @napi-rs/wasm-runtime@0.2.12 from lock file\nnpm error Missing: @emnapi/core@1.8.1 from lock file\nnpm error Missing: @emnapi/runtime@1.8.1 from lock file\nnpm error Missing: @tybys/wasm-util@0.10.1 from lock file\nnpm error Missing: @emnapi/wasi-threads@1.1.0 from lock file\nnpm error\nnpm error Clean install a project\nnpm error\nnpm error Usage:\nnpm error npm ci\nnpm error\nnpm error Options:\nnpm error [--install-strategy <hoisted|nested|shallow|linked>] [--legacy-bundling]\nnpm error [--global-style] [--omit <dev|optional|peer> [--omit <dev|optional|peer> ...]]\nnpm error [--include <prod|dev|optional|peer> [--include <prod|dev|optional|peer> ...]]\nnpm error [--strict-peer-deps] [--foreground-scripts] [--ignore-scripts] [--no-audit]\nnpm error [--no-bin-links] [--no-fund] [--dry-run]\nnpm error [-w|--workspace <workspace-name> [-w|--workspace <workspace-name> ...]]\nnpm error [--workspaces] [--include-workspace-root] [--install-links]\nnpm error\nnpm error aliases: clean-install, ic, install-clean, isntall-clean\nnpm error\nnpm error Run \"npm help ci\" for more info\nnpm error A complete log of this run can be found in: /www-data-home/.npm/_logs/2026-02-10T16_07_00_258Z-debug-0.log. For more details see the logs at https://console.cloud.google.com/cloud-build/builds;region=europe-west1/1a67515b-89d0-4047-8803-00da8a425193?project=52613538008.",
    "original": {
      "code": 3,
      "message": "Build failed with status: FAILURE and message: npm error code EUSAGE\nnpm error\nnpm error `npm ci` can only install packages when your package.json and package-lock.json or npm-shrinkwrap.json are in sync. Please update your lock file with `npm install` before continuing.\nnpm error\nnpm error Missing: @pkgjs/parseargs@0.11.0 from lock file\nnpm error Missing: fsevents@2.3.3 from lock file\nnpm error Missing: @unrs/resolver-binding-android-arm-eabi@1.11.1 from lock file\nnpm error Missing: @unrs/resolver-binding-android-arm64@1.11.1 from lock file\nnpm error Missing: @unrs/resolver-binding-darwin-arm64@1.11.1 from lock file\nnpm error Missing: @unrs/resolver-binding-darwin-x64@1.11.1 from lock file\nnpm error Missing: @unrs/resolver-binding-freebsd-x64@1.11.1 from lock file\nnpm error Missing: @unrs/resolver-binding-linux-arm-gnueabihf@1.11.1 from lock file\nnpm error Missing: @unrs/resolver-binding-linux-arm-musleabihf@1.11.1 from lock file\nnpm error Missing: @unrs/resolver-binding-linux-arm64-gnu@1.11.1 from lock file\nnpm error Missing: @unrs/resolver-binding-linux-arm64-musl@1.11.1 from lock file\nnpm error Missing: @unrs/resolver-binding-linux-ppc64-gnu@1.11.1 from lock file\nnpm error Missing: @unrs/resolver-binding-linux-riscv64-gnu@1.11.1 from lock file\nnpm error Missing: @unrs/resolver-binding-linux-riscv64-musl@1.11.1 from lock file\nnpm error Missing: @unrs/resolver-binding-linux-s390x-gnu@1.11.1 from lock file\nnpm error Missing: @unrs/resolver-binding-linux-x64-gnu@1.11.1 from lock file\nnpm error Missing: @unrs/resolver-binding-linux-x64-musl@1.11.1 from lock file\nnpm error Missing: @unrs/resolver-binding-wasm32-wasi@1.11.1 from lock file\nnpm error Missing: @unrs/resolver-binding-win32-arm64-msvc@1.11.1 from lock file\nnpm error Missing: @unrs/resolver-binding-win32-ia32-msvc@1.11.1 from lock file\nnpm error Missing: @unrs/resolver-binding-win32-x64-msvc@1.11.1 from lock file\nnpm error Missing: @napi-rs/wasm-runtime@0.2.12 from lock file\nnpm error Missing: @emnapi/core@1.8.1 from lock file\nnpm error Missing: @emnapi/runtime@1.8.1 from lock file\nnpm error Missing: @tybys/wasm-util@0.10.1 from lock file\nnpm error Missing: @emnapi/wasi-threads@1.1.0 from lock file\nnpm error\nnpm error Clean install a project\nnpm error\nnpm error Usage:\nnpm error npm ci\nnpm error\nnpm error Options:\nnpm error [--install-strategy <hoisted|nested|shallow|linked>] [--legacy-bundling]\nnpm error [--global-style] [--omit <dev|optional|peer> [--omit <dev|optional|peer> ...]]\nnpm error [--include <prod|dev|optional|peer> [--include <prod|dev|optional|peer> ...]]\nnpm error [--strict-peer-deps] [--foreground-scripts] [--ignore-scripts] [--no-audit]\nnpm error [--no-bin-links] [--no-fund] [--dry-run]\nnpm error [-w|--workspace <workspace-name> [-w|--workspace <workspace-name> ...]]\nnpm error [--workspaces] [--include-workspace-root] [--install-links]\nnpm error\nnpm error aliases: clean-install, ic, install-clean, isntall-clean\nnpm error\nnpm error Run \"npm help ci\" for more info\nnpm error A complete log of this run can be found in: /www-data-home/.npm/_logs/2026-02-10T16_07_00_258Z-debug-0.log. For more details see the logs at https://console.cloud.google.com/cloud-build/builds;region=europe-west1/1a67515b-89d0-4047-8803-00da8a425193?project=52613538008."
    },
    "status": 3,
    "code": 3
  }
}
[debug] [2026-02-10T16:07:26.385Z] Error: Failed to update function notifyNewDocument in region europe-west1
    at /opt/homebrew/lib/node_modules/firebase-tools/lib/deploy/functions/release/fabricator.js:441:19
    at process.processTicksAndRejections (node:internal/process/task_queues:105:5)
    at async Fabricator.updateV2Function (/opt/homebrew/lib/node_modules/firebase-tools/lib/deploy/functions/release/fabricator.js:425:32)
    at async Fabricator.updateEndpoint (/opt/homebrew/lib/node_modules/firebase-tools/lib/deploy/functions/release/fabricator.js:161:13)
    at async handle (/opt/homebrew/lib/node_modules/firebase-tools/lib/deploy/functions/release/fabricator.js:90:17)
[error] 
[error] Error: There was an error deploying functions
